This file contains any messages produced by compilers while
running configure, to aid debugging if configure makes a mistake.

It was created by configure, which was
generated by GNU Autoconf 2.68.  Invocation command line was

  $ ./configure --prefix=/home/s1043482/local_install

## --------- ##
## Platform. ##
## --------- ##

hostname = vlx24.see.ed.ac.uk
uname -m = x86_64
uname -r = 2.6.32-279.11.1.el6.x86_64
uname -s = Linux
uname -v = #1 SMP Tue Oct 16 11:16:02 CDT 2012

/usr/bin/uname -p = unknown
/bin/uname -X     = unknown

/bin/arch              = x86_64
/usr/bin/arch -k       = unknown
/usr/convex/getsysinfo = unknown
/usr/bin/hostinfo      = unknown
/bin/machine           = unknown
/usr/bin/oslevel       = unknown
/bin/universe          = unknown

PATH: /home/s1043482/local_install/bin
PATH: /home/s1043482/local_install/usr/local/bin
PATH: /home/s1043482/bin/share
PATH: /home/s1043482/bin/x86_64
PATH: /home/s1043482/bin/share
PATH: /home/s1043482/bin/x86_64
PATH: /home/s1043482/bin/share
PATH: /home/s1043482/bin/x86_64
PATH: /home/s1043482/bin/share
PATH: /home/s1043482/bin/x86_64
PATH: /home/s1043482/bin/share
PATH: /home/s1043482/bin/x86_64
PATH: /usr/lib64/qt-3.3/bin
PATH: /usr/local/share/bin
PATH: /usr/local/share/bin
PATH: /usr/local/share/bin
PATH: /usr/local/share/bin
PATH: /usr/local/share/bin
PATH: /usr/local/bin
PATH: /bin
PATH: /usr/bin
PATH: /usr/lib64/alliance/bin
PATH: /usr/libexec/sdcc
PATH: /usr/NX/bin
PATH: /usr/openwin/bin
PATH: /usr/local/sbin
PATH: /usr/sbin
PATH: /sbin
PATH: /usr/lib64/alliance/bin
PATH: /usr/libexec/sdcc
PATH: /usr/NX/bin
PATH: /usr/lib64/alliance/bin
PATH: /usr/libexec/sdcc
PATH: /usr/NX/bin
PATH: /usr/lib64/alliance/bin
PATH: /usr/libexec/sdcc
PATH: /usr/NX/bin
PATH: /usr/lib64/alliance/bin
PATH: /usr/libexec/sdcc
PATH: /usr/NX/bin


## ----------- ##
## Core tests. ##
## ----------- ##

configure:2311: checking build system type
configure:2325: result: x86_64-unknown-linux-gnu
configure:2345: checking host system type
configure:2358: result: x86_64-unknown-linux-gnu
configure:2395: checking for a BSD-compatible install
configure:2463: result: /usr/bin/install -c
configure:2474: checking whether build environment is sane
configure:2524: result: yes
configure:2665: checking for a thread-safe mkdir -p
configure:2704: result: /bin/mkdir -p
configure:2717: checking for gawk
configure:2733: found /bin/gawk
configure:2744: result: gawk
configure:2755: checking whether make sets $(MAKE)
configure:2777: result: yes
configure:2860: checking whether to enable maintainer-specific portions of Makefiles
configure:2869: result: no
configure:2911: checking for mpicc
configure:2927: found /usr/bin/mpicc
configure:2938: result: yes
configure:2969: checking for style of include used by make
configure:2997: result: GNU
configure:3067: checking for gcc
configure:3094: result: mpicc
configure:3323: checking for C compiler version
configure:3332: mpicc --version >&5
gcc (GCC) 4.4.6 20120305 (Red Hat 4.4.6-4)
Copyright (C) 2010 Free Software Foundation, Inc.
This is free software; see the source for copying conditions.  There is NO
warranty; not even for MERCHANTABILITY or FITNESS FOR A PARTICULAR PURPOSE.

configure:3343: $? = 0
configure:3332: mpicc -v >&5
mpicc for MPICH2 version 1.2.1
Using built-in specs.
Target: x86_64-redhat-linux
Configured with: ../configure --prefix=/usr --mandir=/usr/share/man --infodir=/usr/share/info --with-bugurl=http://bugzilla.redhat.com/bugzilla --enable-bootstrap --enable-shared --enable-threads=posix --enable-checking=release --with-system-zlib --enable-__cxa_atexit --disable-libunwind-exceptions --enable-gnu-unique-object --enable-languages=c,c++,objc,obj-c++,java,fortran,ada --enable-java-awt=gtk --disable-dssi --with-java-home=/usr/lib/jvm/java-1.5.0-gcj-1.5.0.0/jre --enable-libgcj-multifile --enable-java-maintainer-mode --with-ecj-jar=/usr/share/java/eclipse-ecj.jar --disable-libjava-multilib --with-ppl --with-cloog --with-tune=generic --with-arch_32=i686 --build=x86_64-redhat-linux
Thread model: posix
gcc version 4.4.6 20120305 (Red Hat 4.4.6-4) (GCC) 
configure:3343: $? = 0
configure:3332: mpicc -V >&5
gcc: '-V' must come at the start of the command line
configure:3343: $? = 1
configure:3332: mpicc -qversion >&5
gcc: unrecognized option '-qversion'
/usr/lib/gcc/x86_64-redhat-linux/4.4.6/../../../../lib64/crt1.o: In function `_start':
(.text+0x20): undefined reference to `main'
collect2: ld returned 1 exit status
configure:3343: $? = 1
configure:3363: checking whether the C compiler works
configure:3385: mpicc    conftest.c  >&5
configure:3389: $? = 0
configure:3437: result: yes
configure:3440: checking for C compiler default output file name
configure:3442: result: a.out
configure:3448: checking for suffix of executables
configure:3455: mpicc -o conftest    conftest.c  >&5
configure:3459: $? = 0
configure:3481: result: 
configure:3503: checking whether we are cross compiling
configure:3511: mpicc -o conftest    conftest.c  >&5
configure:3515: $? = 0
configure:3522: ./conftest
configure:3526: $? = 0
configure:3541: result: no
configure:3546: checking for suffix of object files
configure:3568: mpicc -c   conftest.c >&5
configure:3572: $? = 0
configure:3593: result: o
configure:3597: checking whether we are using the GNU C compiler
configure:3616: mpicc -c   conftest.c >&5
configure:3616: $? = 0
configure:3625: result: yes
configure:3634: checking whether mpicc accepts -g
configure:3654: mpicc -c -g  conftest.c >&5
configure:3654: $? = 0
configure:3695: result: yes
configure:3712: checking for mpicc option to accept ISO C89
configure:3776: mpicc  -c -g -O2  conftest.c >&5
configure:3776: $? = 0
configure:3789: result: none needed
configure:3811: checking dependency style of mpicc
configure:3921: result: gcc3
configure:3937: checking for library containing strerror
configure:3968: mpicc -o conftest -g -O2   conftest.c  >&5
configure:3968: $? = 0
configure:3985: result: none required
configure:4041: checking for gcc
configure:4068: result: mpicc
configure:4297: checking for C compiler version
configure:4306: mpicc --version >&5
gcc (GCC) 4.4.6 20120305 (Red Hat 4.4.6-4)
Copyright (C) 2010 Free Software Foundation, Inc.
This is free software; see the source for copying conditions.  There is NO
warranty; not even for MERCHANTABILITY or FITNESS FOR A PARTICULAR PURPOSE.

configure:4317: $? = 0
configure:4306: mpicc -v >&5
mpicc for MPICH2 version 1.2.1
Using built-in specs.
Target: x86_64-redhat-linux
Configured with: ../configure --prefix=/usr --mandir=/usr/share/man --infodir=/usr/share/info --with-bugurl=http://bugzilla.redhat.com/bugzilla --enable-bootstrap --enable-shared --enable-threads=posix --enable-checking=release --with-system-zlib --enable-__cxa_atexit --disable-libunwind-exceptions --enable-gnu-unique-object --enable-languages=c,c++,objc,obj-c++,java,fortran,ada --enable-java-awt=gtk --disable-dssi --with-java-home=/usr/lib/jvm/java-1.5.0-gcj-1.5.0.0/jre --enable-libgcj-multifile --enable-java-maintainer-mode --with-ecj-jar=/usr/share/java/eclipse-ecj.jar --disable-libjava-multilib --with-ppl --with-cloog --with-tune=generic --with-arch_32=i686 --build=x86_64-redhat-linux
Thread model: posix
gcc version 4.4.6 20120305 (Red Hat 4.4.6-4) (GCC) 
configure:4317: $? = 0
configure:4306: mpicc -V >&5
gcc: '-V' must come at the start of the command line
configure:4317: $? = 1
configure:4306: mpicc -qversion >&5
gcc: unrecognized option '-qversion'
/usr/lib/gcc/x86_64-redhat-linux/4.4.6/../../../../lib64/crt1.o: In function `_start':
(.text+0x20): undefined reference to `main'
collect2: ld returned 1 exit status
configure:4317: $? = 1
configure:4321: checking whether we are using the GNU C compiler
configure:4349: result: yes
configure:4358: checking whether mpicc accepts -g
configure:4419: result: yes
configure:4436: checking for mpicc option to accept ISO C89
configure:4513: result: none needed
configure:4535: checking dependency style of mpicc
configure:4645: result: gcc3
configure:4708: checking for gcc
configure:4735: result: mpicc
configure:4964: checking for C compiler version
configure:4973: mpicc --version >&5
gcc (GCC) 4.4.6 20120305 (Red Hat 4.4.6-4)
Copyright (C) 2010 Free Software Foundation, Inc.
This is free software; see the source for copying conditions.  There is NO
warranty; not even for MERCHANTABILITY or FITNESS FOR A PARTICULAR PURPOSE.

configure:4984: $? = 0
configure:4973: mpicc -v >&5
mpicc for MPICH2 version 1.2.1
Using built-in specs.
Target: x86_64-redhat-linux
Configured with: ../configure --prefix=/usr --mandir=/usr/share/man --infodir=/usr/share/info --with-bugurl=http://bugzilla.redhat.com/bugzilla --enable-bootstrap --enable-shared --enable-threads=posix --enable-checking=release --with-system-zlib --enable-__cxa_atexit --disable-libunwind-exceptions --enable-gnu-unique-object --enable-languages=c,c++,objc,obj-c++,java,fortran,ada --enable-java-awt=gtk --disable-dssi --with-java-home=/usr/lib/jvm/java-1.5.0-gcj-1.5.0.0/jre --enable-libgcj-multifile --enable-java-maintainer-mode --with-ecj-jar=/usr/share/java/eclipse-ecj.jar --disable-libjava-multilib --with-ppl --with-cloog --with-tune=generic --with-arch_32=i686 --build=x86_64-redhat-linux
Thread model: posix
gcc version 4.4.6 20120305 (Red Hat 4.4.6-4) (GCC) 
configure:4984: $? = 0
configure:4973: mpicc -V >&5
gcc: '-V' must come at the start of the command line
configure:4984: $? = 1
configure:4973: mpicc -qversion >&5
gcc: unrecognized option '-qversion'
/usr/lib/gcc/x86_64-redhat-linux/4.4.6/../../../../lib64/crt1.o: In function `_start':
(.text+0x20): undefined reference to `main'
collect2: ld returned 1 exit status
configure:4984: $? = 1
configure:4988: checking whether we are using the GNU C compiler
configure:5016: result: yes
configure:5025: checking whether mpicc accepts -g
configure:5086: result: yes
configure:5103: checking for mpicc option to accept ISO C89
configure:5180: result: none needed
configure:5202: checking dependency style of mpicc
configure:5312: result: gcc3
configure:5331: checking whether mpicc and cc understand -c and -o together
configure:5362: mpicc -c conftest.c -o conftest2.o >&5
configure:5366: $? = 0
configure:5372: mpicc -c conftest.c -o conftest2.o >&5
configure:5376: $? = 0
configure:5387: cc -c conftest.c >&5
configure:5391: $? = 0
configure:5399: cc -c conftest.c -o conftest2.o >&5
configure:5403: $? = 0
configure:5409: cc -c conftest.c -o conftest2.o >&5
configure:5413: $? = 0
configure:5431: result: yes
configure:5461: checking how to run the C preprocessor
configure:5492: mpicc -E  conftest.c
configure:5492: $? = 0
configure:5506: mpicc -E  conftest.c
conftest.c:12:28: error: ac_nonexistent.h: No such file or directory
configure:5506: $? = 1
configure: failed program was:
| /* confdefs.h */
| #define PACKAGE_NAME ""
| #define PACKAGE_TARNAME ""
| #define PACKAGE_VERSION ""
| #define PACKAGE_STRING ""
| #define PACKAGE_BUGREPORT ""
| #define PACKAGE_URL ""
| #define PACKAGE "gfsview"
| #define VERSION "0.5.0"
| #define HAVE_MPI 1
| /* end confdefs.h.  */
| #include <ac_nonexistent.h>
configure:5531: result: mpicc -E
configure:5551: mpicc -E  conftest.c
configure:5551: $? = 0
configure:5565: mpicc -E  conftest.c
conftest.c:12:28: error: ac_nonexistent.h: No such file or directory
configure:5565: $? = 1
configure: failed program was:
| /* confdefs.h */
| #define PACKAGE_NAME ""
| #define PACKAGE_TARNAME ""
| #define PACKAGE_VERSION ""
| #define PACKAGE_STRING ""
| #define PACKAGE_BUGREPORT ""
| #define PACKAGE_URL ""
| #define PACKAGE "gfsview"
| #define VERSION "0.5.0"
| #define HAVE_MPI 1
| /* end confdefs.h.  */
| #include <ac_nonexistent.h>
configure:5594: checking for grep that handles long lines and -e
configure:5652: result: /bin/grep
configure:5657: checking for egrep
configure:5719: result: /bin/grep -E
configure:5724: checking for ANSI C header files
configure:5744: mpicc -c -g -O2  conftest.c >&5
configure:5744: $? = 0
configure:5817: mpicc -o conftest -g -O2   conftest.c  >&5
configure:5817: $? = 0
configure:5817: ./conftest
configure:5817: $? = 0
configure:5828: result: yes
configure:6165: checking for a sed that does not truncate output
configure:6229: result: /bin/sed
configure:6247: checking for fgrep
configure:6309: result: /bin/grep -F
configure:6344: checking for ld used by mpicc
configure:6411: result: /usr/bin/ld
configure:6418: checking if the linker (/usr/bin/ld) is GNU ld
configure:6433: result: yes
configure:6445: checking for BSD- or MS-compatible name lister (nm)
configure:6494: result: /usr/bin/nm -B
configure:6612: checking the name lister (/usr/bin/nm -B) interface
configure:6619: mpicc -c -g -O2  conftest.c >&5
configure:6622: /usr/bin/nm -B "conftest.o"
configure:6625: output
0000000000000000 B some_variable
configure:6632: result: BSD nm
configure:6635: checking whether ln -s works
configure:6639: result: yes
configure:6647: checking the maximum length of command line arguments
configure:6767: result: 1966080
configure:6784: checking whether the shell understands some XSI constructs
configure:6794: result: yes
configure:6798: checking whether the shell understands "+="
configure:6804: result: yes
configure:6839: checking for /usr/bin/ld option to reload object files
configure:6846: result: -r
configure:6915: checking for objdump
configure:6942: result: objdump
configure:6971: checking how to recognize dependent libraries
configure:7167: result: pass_all
configure:7227: checking for ar
configure:7243: found /usr/bin/ar
configure:7254: result: ar
configure:7332: checking for strip
configure:7348: found /usr/bin/strip
configure:7359: result: strip
configure:7431: checking for ranlib
configure:7447: found /usr/bin/ranlib
configure:7458: result: ranlib
configure:7548: checking command to parse /usr/bin/nm -B output from mpicc object
configure:7666: mpicc -c -g -O2  conftest.c >&5
configure:7669: $? = 0
configure:7673: /usr/bin/nm -B conftest.o \| sed -n -e 's/^.*[	 ]\([ABCDGIRSTW][ABCDGIRSTW]*\)[	 ][	 ]*\([_A-Za-z][_A-Za-z0-9]*\)$/\1 \2 \2/p' \> conftest.nm
configure:7676: $? = 0
configure:7730: mpicc -o conftest -g -O2   conftest.c conftstm.o >&5
configure:7733: $? = 0
configure:7771: result: ok
configure:7866: mpicc -c -g -O2  conftest.c >&5
configure:7869: $? = 0
configure:8579: checking for sys/types.h
configure:8579: mpicc -c -g -O2  conftest.c >&5
configure:8579: $? = 0
configure:8579: result: yes
configure:8579: checking for sys/stat.h
configure:8579: mpicc -c -g -O2  conftest.c >&5
configure:8579: $? = 0
configure:8579: result: yes
configure:8579: checking for stdlib.h
configure:8579: mpicc -c -g -O2  conftest.c >&5
configure:8579: $? = 0
configure:8579: result: yes
configure:8579: checking for string.h
configure:8579: mpicc -c -g -O2  conftest.c >&5
configure:8579: $? = 0
configure:8579: result: yes
configure:8579: checking for memory.h
configure:8579: mpicc -c -g -O2  conftest.c >&5
configure:8579: $? = 0
configure:8579: result: yes
configure:8579: checking for strings.h
configure:8579: mpicc -c -g -O2  conftest.c >&5
configure:8579: $? = 0
configure:8579: result: yes
configure:8579: checking for inttypes.h
configure:8579: mpicc -c -g -O2  conftest.c >&5
configure:8579: $? = 0
configure:8579: result: yes
configure:8579: checking for stdint.h
configure:8579: mpicc -c -g -O2  conftest.c >&5
configure:8579: $? = 0
configure:8579: result: yes
configure:8579: checking for unistd.h
configure:8579: mpicc -c -g -O2  conftest.c >&5
configure:8579: $? = 0
configure:8579: result: yes
configure:8593: checking for dlfcn.h
configure:8593: mpicc -c -g -O2  conftest.c >&5
configure:8593: $? = 0
configure:8593: result: yes
configure:8775: checking for objdir
configure:8790: result: .libs
configure:9082: checking if mpicc supports -fno-rtti -fno-exceptions
configure:9100: mpicc -c -g -O2  -fno-rtti -fno-exceptions conftest.c >&5
cc1: warning: command line option "-fno-rtti" is valid for C++/ObjC++ but not for C
configure:9104: $? = 0
configure:9117: result: no
configure:9137: checking for mpicc option to produce PIC
configure:9409: result: -fPIC -DPIC
configure:9421: checking if mpicc PIC flag -fPIC -DPIC works
configure:9439: mpicc -c -g -O2  -fPIC -DPIC -DPIC conftest.c >&5
configure:9443: $? = 0
configure:9456: result: yes
configure:9480: checking if mpicc static flag -static works
configure:9508: result: no
configure:9523: checking if mpicc supports -c -o file.o
configure:9544: mpicc -c -g -O2  -o out/conftest2.o conftest.c >&5
configure:9548: $? = 0
configure:9570: result: yes
configure:9578: checking if mpicc supports -c -o file.o
configure:9625: result: yes
configure:9658: checking whether the mpicc linker (/usr/bin/ld -m elf_x86_64) supports shared libraries
configure:10644: result: yes
configure:10681: checking whether -lc should be explicitly linked in
configure:10686: mpicc -c -g -O2  conftest.c >&5
configure:10689: $? = 0
configure:10704: mpicc -shared conftest.o  -v -Wl,-soname -Wl,conftest -o conftest 2\>\&1 \| /bin/grep  -lc  \>/dev/null 2\>\&1
configure:10707: $? = 0
configure:10719: result: no
configure:10883: checking dynamic linker characteristics
configure:11316: mpicc -o conftest -g -O2   -Wl,-rpath -Wl,/foo conftest.c  >&5
configure:11316: $? = 0
configure:11537: result: GNU/Linux ld.so
configure:11639: checking how to hardcode library paths into programs
configure:11664: result: immediate
configure:12184: checking whether stripping libraries is possible
configure:12189: result: yes
configure:12224: checking if libtool supports shared libraries
configure:12226: result: yes
configure:12229: checking whether to build shared libraries
configure:12250: result: yes
configure:12253: checking whether to build static libraries
configure:12257: result: yes
configure:12362: checking for pkg-config
configure:12380: found /usr/bin/pkg-config
configure:12392: result: /usr/bin/pkg-config
configure:12417: checking pkg-config is at least version 0.9.0
configure:12420: result: yes
configure:12431: checking for GERRIS2D
configure:12438: $PKG_CONFIG --exists --print-errors "gerris2D  >= $GERRIS_VERSION"
configure:12441: $? = 0
configure:12454: $PKG_CONFIG --exists --print-errors "gerris2D  >= $GERRIS_VERSION"
configure:12457: $? = 0
configure:12511: result: yes
configure:12517: checking for GERRIS3D
configure:12524: $PKG_CONFIG --exists --print-errors "gerris3D  >= $GERRIS_VERSION"
configure:12527: $? = 0
configure:12540: $PKG_CONFIG --exists --print-errors "gerris3D  >= $GERRIS_VERSION"
configure:12543: $? = 0
configure:12597: result: yes
configure:12603: checking for OSMESA
configure:12610: $PKG_CONFIG --exists --print-errors " osmesa "
configure:12613: $? = 0
configure:12626: $PKG_CONFIG --exists --print-errors " osmesa "
configure:12629: $? = 0
configure:12664: result: yes
configure:12795: checking for GTK
configure:12802: $PKG_CONFIG --exists --print-errors " $GTK_PACKAGES "
configure:12805: $? = 0
configure:12818: $PKG_CONFIG --exists --print-errors " $GTK_PACKAGES "
configure:12821: $? = 0
configure:12864: result: yes
configure:12971: checking for FTGL
configure:12978: $PKG_CONFIG --exists --print-errors " ftgl >= 2.1.3 "
configure:12981: $? = 0
configure:12994: $PKG_CONFIG --exists --print-errors " ftgl >= 2.1.3 "
configure:12997: $? = 0
configure:13038: result: yes
configure:13227: creating ./config.status

## ---------------------- ##
## Running config.status. ##
## ---------------------- ##

This file was extended by config.status, which was
generated by GNU Autoconf 2.68.  Invocation command line was

  CONFIG_FILES    = 
  CONFIG_HEADERS  = 
  CONFIG_LINKS    = 
  CONFIG_COMMANDS = 
  $ ./config.status 

on vlx24.see.ed.ac.uk

config.status:1112: creating Makefile
config.status:1112: creating view/Makefile
config.status:1112: creating view/desktop/Makefile
config.status:1112: creating gl2ps/Makefile
config.status:1112: creating gl/Makefile
config.status:1112: creating batch/Makefile
config.status:1112: creating debian/Makefile
config.status:1112: creating config.h
config.status:1341: executing depfiles commands
config.status:1341: executing libtool commands

## ---------------- ##
## Cache variables. ##
## ---------------- ##

ac_cv_build=x86_64-unknown-linux-gnu
ac_cv_c_compiler_gnu=yes
ac_cv_env_CC_set=
ac_cv_env_CC_value=
ac_cv_env_CFLAGS_set=
ac_cv_env_CFLAGS_value=
ac_cv_env_CPPFLAGS_set=
ac_cv_env_CPPFLAGS_value=
ac_cv_env_CPP_set=
ac_cv_env_CPP_value=
ac_cv_env_FTGL_CFLAGS_set=
ac_cv_env_FTGL_CFLAGS_value=
ac_cv_env_FTGL_LIBS_set=
ac_cv_env_FTGL_LIBS_value=
ac_cv_env_GERRIS2D_CFLAGS_set=
ac_cv_env_GERRIS2D_CFLAGS_value=
ac_cv_env_GERRIS2D_LIBS_set=
ac_cv_env_GERRIS2D_LIBS_value=
ac_cv_env_GERRIS3D_CFLAGS_set=
ac_cv_env_GERRIS3D_CFLAGS_value=
ac_cv_env_GERRIS3D_LIBS_set=
ac_cv_env_GERRIS3D_LIBS_value=
ac_cv_env_GTK_CFLAGS_set=
ac_cv_env_GTK_CFLAGS_value=
ac_cv_env_GTK_LIBS_set=
ac_cv_env_GTK_LIBS_value=
ac_cv_env_LDFLAGS_set=
ac_cv_env_LDFLAGS_value=
ac_cv_env_LIBS_set=
ac_cv_env_LIBS_value=
ac_cv_env_OSMESA_CFLAGS_set=
ac_cv_env_OSMESA_CFLAGS_value=
ac_cv_env_OSMESA_LIBS_set=
ac_cv_env_OSMESA_LIBS_value=
ac_cv_env_PKG_CONFIG_set=
ac_cv_env_PKG_CONFIG_value=
ac_cv_env_build_alias_set=
ac_cv_env_build_alias_value=
ac_cv_env_host_alias_set=
ac_cv_env_host_alias_value=
ac_cv_env_target_alias_set=
ac_cv_env_target_alias_value=
ac_cv_header_dlfcn_h=yes
ac_cv_header_inttypes_h=yes
ac_cv_header_memory_h=yes
ac_cv_header_stdc=yes
ac_cv_header_stdint_h=yes
ac_cv_header_stdlib_h=yes
ac_cv_header_string_h=yes
ac_cv_header_strings_h=yes
ac_cv_header_sys_stat_h=yes
ac_cv_header_sys_types_h=yes
ac_cv_header_unistd_h=yes
ac_cv_host=x86_64-unknown-linux-gnu
ac_cv_objext=o
ac_cv_path_EGREP='/bin/grep -E'
ac_cv_path_FGREP='/bin/grep -F'
ac_cv_path_GREP=/bin/grep
ac_cv_path_SED=/bin/sed
ac_cv_path_ac_pt_PKG_CONFIG=/usr/bin/pkg-config
ac_cv_path_install='/usr/bin/install -c'
ac_cv_path_mkdir=/bin/mkdir
ac_cv_prog_AWK=gawk
ac_cv_prog_CPP='mpicc -E'
ac_cv_prog_ac_ct_AR=ar
ac_cv_prog_ac_ct_CC=mpicc
ac_cv_prog_ac_ct_OBJDUMP=objdump
ac_cv_prog_ac_ct_RANLIB=ranlib
ac_cv_prog_ac_ct_STRIP=strip
ac_cv_prog_cc_c89=
ac_cv_prog_cc_g=yes
ac_cv_prog_cc_mpicc_c_o=yes
ac_cv_prog_make_make_set=yes
ac_cv_prog_use_mpicc=yes
ac_cv_search_strerror='none required'
am_cv_CC_dependencies_compiler_type=gcc3
am_cv_prog_cc_stdc=
lt_cv_deplibs_check_method=pass_all
lt_cv_file_magic_cmd='$MAGIC_CMD'
lt_cv_file_magic_test_file=
lt_cv_ld_reload_flag=-r
lt_cv_nm_interface='BSD nm'
lt_cv_objdir=.libs
lt_cv_path_LD=/usr/bin/ld
lt_cv_path_NM='/usr/bin/nm -B'
lt_cv_prog_compiler_c_o=yes
lt_cv_prog_compiler_pic_works=yes
lt_cv_prog_compiler_rtti_exceptions=no
lt_cv_prog_compiler_static_works=no
lt_cv_prog_gnu_ld=yes
lt_cv_sys_global_symbol_pipe='sed -n -e '\''s/^.*[	 ]\([ABCDGIRSTW][ABCDGIRSTW]*\)[	 ][	 ]*\([_A-Za-z][_A-Za-z0-9]*\)$/\1 \2 \2/p'\'''
lt_cv_sys_global_symbol_to_c_name_address='sed -n -e '\''s/^: \([^ ]*\) $/  {\"\1\", (void *) 0},/p'\'' -e '\''s/^[ABCDGIRSTW]* \([^ ]*\) \([^ ]*\)$/  {"\2", (void *) \&\2},/p'\'''
lt_cv_sys_global_symbol_to_c_name_address_lib_prefix='sed -n -e '\''s/^: \([^ ]*\) $/  {\"\1\", (void *) 0},/p'\'' -e '\''s/^[ABCDGIRSTW]* \([^ ]*\) \(lib[^ ]*\)$/  {"\2", (void *) \&\2},/p'\'' -e '\''s/^[ABCDGIRSTW]* \([^ ]*\) \([^ ]*\)$/  {"lib\2", (void *) \&\2},/p'\'''
lt_cv_sys_global_symbol_to_cdecl='sed -n -e '\''s/^T .* \(.*\)$/extern int \1();/p'\'' -e '\''s/^[ABCDGIRSTW]* .* \(.*\)$/extern char \1;/p'\'''
lt_cv_sys_max_cmd_len=1966080
pkg_cv_FTGL_CFLAGS='-I/usr/include/FTGL -I/usr/include/freetype2  '
pkg_cv_FTGL_LIBS='-lftgl  '
pkg_cv_GERRIS2D_CFLAGS='-DFTT_2D=1 -pthread -I/home/s1043482/local_install/include -I/usr/include/glib-2.0 -I/usr/lib64/glib-2.0/include  '
pkg_cv_GERRIS2D_LIBS='-pthread -Wl,--export-dynamic -L/home/s1043482/local_install/lib -lgfs2D -lgts -lm -lgthread-2.0 -lrt -lgmodule-2.0 -lglib-2.0  '
pkg_cv_GERRIS3D_CFLAGS='-pthread -I/home/s1043482/local_install/include -I/usr/include/glib-2.0 -I/usr/lib64/glib-2.0/include  '
pkg_cv_GERRIS3D_LIBS='-pthread -Wl,--export-dynamic -L/home/s1043482/local_install/lib -lgfs3D -lgts -lm -lgthread-2.0 -lrt -lgmodule-2.0 -lglib-2.0  '
pkg_cv_GTK_CFLAGS='-pthread -I/home/s1043482/local_install/include -I/home/s1043482/local_install/include/gtkglext-1.0 -I/home/s1043482/local_install/lib/gtkglext-1.0/include -I/home/s1043482/local_install/include/startup-notification-1.0 -I/usr/include/glib-2.0 -I/usr/lib64/glib-2.0/include -I/usr/include/gtk-2.0 -I/usr/lib64/gtk-2.0/include -I/usr/include/atk-1.0 -I/usr/include/cairo -I/usr/include/pango-1.0 -I/usr/include/pixman-1 -I/usr/include/freetype2 -I/usr/include/libpng12  '
pkg_cv_GTK_LIBS='-pthread -Wl,--export-dynamic -L/home/s1043482/local_install/lib -lgthread-2.0 -lrt -lgtkglext-x11-1.0 -lgdkglext-x11-1.0 -lGLU -lGL -lXmu -lXt -lSM -lICE -lgtk-x11-2.0 -lpangox-1.0 -lX11 -lgdk-x11-2.0 -latk-1.0 -lgio-2.0 -lpangoft2-1.0 -lgdk_pixbuf-2.0 -lpangocairo-1.0 -lcairo -lpango-1.0 -lfreetype -lfontconfig -lgobject-2.0 -lgmodule-2.0 -lglib-2.0 -lstartup-notification-1  '
pkg_cv_OSMESA_CFLAGS=' '
pkg_cv_OSMESA_LIBS='-lOSMesa  '

## ----------------- ##
## Output variables. ##
## ----------------- ##

ACLOCAL='${SHELL} /home/s1043482/Gerris_Source/gfsview_Inuse/missing --run aclocal-1.11'
AMDEPBACKSLASH='\'
AMDEP_FALSE='#'
AMDEP_TRUE=''
AMTAR='${SHELL} /home/s1043482/Gerris_Source/gfsview_Inuse/missing --run tar'
AR='ar'
AS='as'
AUTOCONF='${SHELL} /home/s1043482/Gerris_Source/gfsview_Inuse/missing --run autoconf'
AUTOHEADER='${SHELL} /home/s1043482/Gerris_Source/gfsview_Inuse/missing --run autoheader'
AUTOMAKE='${SHELL} /home/s1043482/Gerris_Source/gfsview_Inuse/missing --run automake-1.11'
AWK='gawk'
CC='mpicc'
CCDEPMODE='depmode=gcc3'
CFLAGS='-g -O2 -Wall -Werror-implicit-function-declaration -Wmissing-prototypes -Wmissing-declarations -pipe -std=c99 -D_XOPEN_SOURCE=500'
CPP='mpicc -E'
CPPFLAGS=''
CYGPATH_W='echo'
DARCS_CONTROLLED_FALSE=''
DARCS_CONTROLLED_TRUE='#'
DEFS='-DHAVE_CONFIG_H'
DEPDIR='.deps'
DLLTOOL='dlltool'
DSYMUTIL=''
DUMPBIN=''
ECHO_C=''
ECHO_N='-n'
ECHO_T=''
EGREP='/bin/grep -E'
EXEEXT=''
FGREP='/bin/grep -F'
FTGL_CFLAGS='-I/usr/include/FTGL -I/usr/include/freetype2  '
FTGL_LIBS='-lftgl  '
GERRIS2D_CFLAGS='-DFTT_2D=1 -pthread -I/home/s1043482/local_install/include -I/usr/include/glib-2.0 -I/usr/lib64/glib-2.0/include  '
GERRIS2D_LIBS='-pthread -Wl,--export-dynamic -L/home/s1043482/local_install/lib -lgfs2D -lgts -lm -lgthread-2.0 -lrt -lgmodule-2.0 -lglib-2.0  '
GERRIS3D_CFLAGS='-pthread -I/home/s1043482/local_install/include -I/usr/include/glib-2.0 -I/usr/lib64/glib-2.0/include  '
GERRIS3D_LIBS='-pthread -Wl,--export-dynamic -L/home/s1043482/local_install/lib -lgfs3D -lgts -lm -lgthread-2.0 -lrt -lgmodule-2.0 -lglib-2.0  '
GREP='/bin/grep'
GTK_CFLAGS='-pthread -I/home/s1043482/local_install/include -I/home/s1043482/local_install/include/gtkglext-1.0 -I/home/s1043482/local_install/lib/gtkglext-1.0/include -I/home/s1043482/local_install/include/startup-notification-1.0 -I/usr/include/glib-2.0 -I/usr/lib64/glib-2.0/include -I/usr/include/gtk-2.0 -I/usr/lib64/gtk-2.0/include -I/usr/include/atk-1.0 -I/usr/include/cairo -I/usr/include/pango-1.0 -I/usr/include/pixman-1 -I/usr/include/freetype2 -I/usr/include/libpng12  '
GTK_LIBS='-pthread -Wl,--export-dynamic -L/home/s1043482/local_install/lib -lgthread-2.0 -lrt -lgtkglext-x11-1.0 -lgdkglext-x11-1.0 -lGLU -lGL -lXmu -lXt -lSM -lICE -lgtk-x11-2.0 -lpangox-1.0 -lX11 -lgdk-x11-2.0 -latk-1.0 -lgio-2.0 -lpangoft2-1.0 -lgdk_pixbuf-2.0 -lpangocairo-1.0 -lcairo -lpango-1.0 -lfreetype -lfontconfig -lgobject-2.0 -lgmodule-2.0 -lglib-2.0 -lstartup-notification-1  '
HAVE_GTK_FALSE='#'
HAVE_GTK_TRUE=''
HAVE_OSMESA_FALSE='#'
HAVE_OSMESA_TRUE=''
INSTALL_DATA='${INSTALL} -m 644'
INSTALL_PROGRAM='${INSTALL}'
INSTALL_SCRIPT='${INSTALL}'
INSTALL_STRIP_PROGRAM='$(install_sh) -c -s'
LD='/usr/bin/ld -m elf_x86_64'
LDFLAGS=''
LIBOBJS=''
LIBS=''
LIBTOOL='$(SHELL) $(top_builddir)/libtool'
LIPO=''
LN_S='ln -s'
LTLIBOBJS=''
MAINT='#'
MAINTAINER_MODE_FALSE=''
MAINTAINER_MODE_TRUE='#'
MAKEINFO='${SHELL} /home/s1043482/Gerris_Source/gfsview_Inuse/missing --run makeinfo'
MKDIR_P='/bin/mkdir -p'
NM='/usr/bin/nm -B'
NMEDIT=''
NO_UNDEFINED='-no-undefined'
OBJDUMP='objdump'
OBJEXT='o'
OSMESA_CFLAGS=' '
OSMESA_LIBS='-lOSMesa  '
OTOOL64=''
OTOOL=''
PACKAGE='gfsview'
PACKAGE_BUGREPORT=''
PACKAGE_NAME=''
PACKAGE_STRING=''
PACKAGE_TARNAME=''
PACKAGE_URL=''
PACKAGE_VERSION=''
PATH_SEPARATOR=':'
PKG_CONFIG='/usr/bin/pkg-config'
RANLIB='ranlib'
SED='/bin/sed'
SET_MAKE=''
SHELL='/bin/sh'
SN_CFLAGS=''
SN_LIBS=''
STRIP='strip'
VERSION='0.5.0'
ac_ct_CC='mpicc'
ac_ct_DUMPBIN=''
am__EXEEXT_FALSE=''
am__EXEEXT_TRUE='#'
am__fastdepCC_FALSE='#'
am__fastdepCC_TRUE=''
am__include='include'
am__isrc=''
am__leading_dot='.'
am__quote=''
am__tar='${AMTAR} chof - "$$tardir"'
am__untar='${AMTAR} xf -'
bindir='${exec_prefix}/bin'
build='x86_64-unknown-linux-gnu'
build_alias=''
build_cpu='x86_64'
build_os='linux-gnu'
build_vendor='unknown'
datadir='${datarootdir}'
datarootdir='${prefix}/share'
docdir='${datarootdir}/doc/${PACKAGE}'
dvidir='${docdir}'
exec_prefix='${prefix}'
host='x86_64-unknown-linux-gnu'
host_alias=''
host_cpu='x86_64'
host_os='linux-gnu'
host_vendor='unknown'
htmldir='${docdir}'
includedir='${prefix}/include'
infodir='${datarootdir}/info'
install_sh='${SHELL} /home/s1043482/Gerris_Source/gfsview_Inuse/install-sh'
libdir='${exec_prefix}/lib'
libexecdir='${exec_prefix}/libexec'
localedir='${datarootdir}/locale'
localstatedir='${prefix}/var'
lt_ECHO='echo'
mandir='${datarootdir}/man'
mkdir_p='/bin/mkdir -p'
oldincludedir='/usr/include'
pdfdir='${docdir}'
prefix='/home/s1043482/local_install'
program_transform_name='s,x,x,'
psdir='${docdir}'
sbindir='${exec_prefix}/sbin'
sharedstatedir='${prefix}/com'
sysconfdir='${prefix}/etc'
target_alias=''
use_mpicc='yes'

## ----------- ##
## confdefs.h. ##
## ----------- ##

/* confdefs.h */
#define PACKAGE_NAME ""
#define PACKAGE_TARNAME ""
#define PACKAGE_VERSION ""
#define PACKAGE_STRING ""
#define PACKAGE_BUGREPORT ""
#define PACKAGE_URL ""
#define PACKAGE "gfsview"
#define VERSION "0.5.0"
#define HAVE_MPI 1
#define STDC_HEADERS 1
#define HAVE_SYS_TYPES_H 1
#define HAVE_SYS_STAT_H 1
#define HAVE_STDLIB_H 1
#define HAVE_STRING_H 1
#define HAVE_MEMORY_H 1
#define HAVE_STRINGS_H 1
#define HAVE_INTTYPES_H 1
#define HAVE_STDINT_H 1
#define HAVE_UNISTD_H 1
#define HAVE_DLFCN_H 1
#define LT_OBJDIR ".libs/"
#define HAVE_FTGL 1

configure: exit 0
