This file contains any messages produced by compilers while
running configure, to aid debugging if configure makes a mistake.

It was created by configure, which was
generated by GNU Autoconf 2.68.  Invocation command line was

  $ ./configure --prefix=/home/s1043482/local_install

## --------- ##
## Platform. ##
## --------- ##

hostname = vlx24.see.ed.ac.uk
uname -m = x86_64
uname -r = 2.6.32-279.11.1.el6.x86_64
uname -s = Linux
uname -v = #1 SMP Tue Oct 16 11:16:02 CDT 2012

/usr/bin/uname -p = unknown
/bin/uname -X     = unknown

/bin/arch              = x86_64
/usr/bin/arch -k       = unknown
/usr/convex/getsysinfo = unknown
/usr/bin/hostinfo      = unknown
/bin/machine           = unknown
/usr/bin/oslevel       = unknown
/bin/universe          = unknown

PATH: /home/s1043482/local_install/bin
PATH: /home/s1043482/local_install/usr/local/bin
PATH: /home/s1043482/bin/share
PATH: /home/s1043482/bin/x86_64
PATH: /home/s1043482/bin/share
PATH: /home/s1043482/bin/x86_64
PATH: /home/s1043482/bin/share
PATH: /home/s1043482/bin/x86_64
PATH: /home/s1043482/bin/share
PATH: /home/s1043482/bin/x86_64
PATH: /home/s1043482/bin/share
PATH: /home/s1043482/bin/x86_64
PATH: /usr/lib64/qt-3.3/bin
PATH: /usr/local/share/bin
PATH: /usr/local/share/bin
PATH: /usr/local/share/bin
PATH: /usr/local/share/bin
PATH: /usr/local/share/bin
PATH: /usr/local/bin
PATH: /bin
PATH: /usr/bin
PATH: /usr/lib64/alliance/bin
PATH: /usr/libexec/sdcc
PATH: /usr/NX/bin
PATH: /usr/openwin/bin
PATH: /usr/local/sbin
PATH: /usr/sbin
PATH: /sbin
PATH: /usr/lib64/alliance/bin
PATH: /usr/libexec/sdcc
PATH: /usr/NX/bin
PATH: /usr/lib64/alliance/bin
PATH: /usr/libexec/sdcc
PATH: /usr/NX/bin
PATH: /usr/lib64/alliance/bin
PATH: /usr/libexec/sdcc
PATH: /usr/NX/bin
PATH: /usr/lib64/alliance/bin
PATH: /usr/libexec/sdcc
PATH: /usr/NX/bin


## ----------- ##
## Core tests. ##
## ----------- ##

configure:2290: checking for a BSD-compatible install
configure:2358: result: /usr/bin/install -c
configure:2369: checking whether build environment is sane
configure:2419: result: yes
configure:2560: checking for a thread-safe mkdir -p
configure:2599: result: /bin/mkdir -p
configure:2612: checking for gawk
configure:2628: found /bin/gawk
configure:2639: result: gawk
configure:2650: checking whether make sets $(MAKE)
configure:2672: result: yes
configure:2803: checking build system type
configure:2817: result: x86_64-unknown-linux-gnu
configure:2837: checking host system type
configure:2850: result: x86_64-unknown-linux-gnu
configure:2891: checking how to print strings
configure:2918: result: printf
configure:2951: checking for style of include used by make
configure:2979: result: GNU
configure:3049: checking for gcc
configure:3065: found /usr/bin/gcc
configure:3076: result: gcc
configure:3305: checking for C compiler version
configure:3314: gcc --version >&5
gcc (GCC) 4.4.6 20120305 (Red Hat 4.4.6-4)
Copyright (C) 2010 Free Software Foundation, Inc.
This is free software; see the source for copying conditions.  There is NO
warranty; not even for MERCHANTABILITY or FITNESS FOR A PARTICULAR PURPOSE.

configure:3325: $? = 0
configure:3314: gcc -v >&5
Using built-in specs.
Target: x86_64-redhat-linux
Configured with: ../configure --prefix=/usr --mandir=/usr/share/man --infodir=/usr/share/info --with-bugurl=http://bugzilla.redhat.com/bugzilla --enable-bootstrap --enable-shared --enable-threads=posix --enable-checking=release --with-system-zlib --enable-__cxa_atexit --disable-libunwind-exceptions --enable-gnu-unique-object --enable-languages=c,c++,objc,obj-c++,java,fortran,ada --enable-java-awt=gtk --disable-dssi --with-java-home=/usr/lib/jvm/java-1.5.0-gcj-1.5.0.0/jre --enable-libgcj-multifile --enable-java-maintainer-mode --with-ecj-jar=/usr/share/java/eclipse-ecj.jar --disable-libjava-multilib --with-ppl --with-cloog --with-tune=generic --with-arch_32=i686 --build=x86_64-redhat-linux
Thread model: posix
gcc version 4.4.6 20120305 (Red Hat 4.4.6-4) (GCC) 
configure:3325: $? = 0
configure:3314: gcc -V >&5
gcc: '-V' option must have argument
configure:3325: $? = 1
configure:3314: gcc -qversion >&5
gcc: unrecognized option '-qversion'
gcc: no input files
configure:3325: $? = 1
configure:3345: checking whether the C compiler works
configure:3367: gcc    conftest.c  >&5
configure:3371: $? = 0
configure:3419: result: yes
configure:3422: checking for C compiler default output file name
configure:3424: result: a.out
configure:3430: checking for suffix of executables
configure:3437: gcc -o conftest    conftest.c  >&5
configure:3441: $? = 0
configure:3463: result: 
configure:3485: checking whether we are cross compiling
configure:3493: gcc -o conftest    conftest.c  >&5
configure:3497: $? = 0
configure:3504: ./conftest
configure:3508: $? = 0
configure:3523: result: no
configure:3528: checking for suffix of object files
configure:3550: gcc -c   conftest.c >&5
configure:3554: $? = 0
configure:3575: result: o
configure:3579: checking whether we are using the GNU C compiler
configure:3598: gcc -c   conftest.c >&5
configure:3598: $? = 0
configure:3607: result: yes
configure:3616: checking whether gcc accepts -g
configure:3636: gcc -c -g  conftest.c >&5
configure:3636: $? = 0
configure:3677: result: yes
configure:3694: checking for gcc option to accept ISO C89
configure:3758: gcc  -c -g -O2  conftest.c >&5
configure:3758: $? = 0
configure:3771: result: none needed
configure:3793: checking dependency style of gcc
configure:3903: result: gcc3
configure:3918: checking for a sed that does not truncate output
configure:3982: result: /bin/sed
configure:4000: checking for grep that handles long lines and -e
configure:4058: result: /bin/grep
configure:4063: checking for egrep
configure:4125: result: /bin/grep -E
configure:4130: checking for fgrep
configure:4192: result: /bin/grep -F
configure:4227: checking for ld used by gcc
configure:4294: result: /usr/bin/ld
configure:4301: checking if the linker (/usr/bin/ld) is GNU ld
configure:4316: result: yes
configure:4328: checking for BSD- or MS-compatible name lister (nm)
configure:4377: result: /usr/bin/nm -B
configure:4507: checking the name lister (/usr/bin/nm -B) interface
configure:4514: gcc -c -g -O2  conftest.c >&5
configure:4517: /usr/bin/nm -B "conftest.o"
configure:4520: output
0000000000000000 B some_variable
configure:4527: result: BSD nm
configure:4530: checking whether ln -s works
configure:4534: result: yes
configure:4542: checking the maximum length of command line arguments
configure:4667: result: 1966080
configure:4684: checking whether the shell understands some XSI constructs
configure:4694: result: yes
configure:4698: checking whether the shell understands "+="
configure:4704: result: yes
configure:4739: checking how to convert x86_64-unknown-linux-gnu file names to x86_64-unknown-linux-gnu format
configure:4779: result: func_convert_file_noop
configure:4786: checking how to convert x86_64-unknown-linux-gnu file names to toolchain format
configure:4806: result: func_convert_file_noop
configure:4813: checking for /usr/bin/ld option to reload object files
configure:4820: result: -r
configure:4894: checking for objdump
configure:4910: found /usr/bin/objdump
configure:4921: result: objdump
configure:4953: checking how to recognize dependent libraries
configure:5155: result: pass_all
configure:5240: checking for dlltool
configure:5270: result: no
configure:5300: checking how to associate runtime and link libraries
configure:5327: result: printf %s\n
configure:5388: checking for ar
configure:5404: found /usr/bin/ar
configure:5415: result: ar
configure:5452: checking for archiver @FILE support
configure:5469: gcc -c -g -O2  conftest.c >&5
configure:5469: $? = 0
configure:5472: ar cru libconftest.a @conftest.lst >&5
configure:5475: $? = 0
configure:5480: ar cru libconftest.a @conftest.lst >&5
ar: conftest.o: No such file or directory
configure:5483: $? = 1
configure:5495: result: @
configure:5553: checking for strip
configure:5569: found /usr/bin/strip
configure:5580: result: strip
configure:5652: checking for ranlib
configure:5668: found /usr/bin/ranlib
configure:5679: result: ranlib
configure:5781: checking command to parse /usr/bin/nm -B output from gcc object
configure:5900: gcc -c -g -O2  conftest.c >&5
configure:5903: $? = 0
configure:5907: /usr/bin/nm -B conftest.o \| sed -n -e 's/^.*[ ]\([ABCDGIRSTW][ABCDGIRSTW]*\)[ ][ ]*\([_A-Za-z][_A-Za-z0-9]*\)$/\1 \2 \2/p' | sed '/ __gnu_lto/d' \> conftest.nm
configure:5910: $? = 0
configure:5976: gcc -o conftest -g -O2   conftest.c conftstm.o >&5
configure:5979: $? = 0
configure:6017: result: ok
configure:6054: checking for sysroot
configure:6084: result: no
configure:6161: gcc -c -g -O2  conftest.c >&5
configure:6164: $? = 0
configure:6327: checking for mt
configure:6357: result: no
configure:6377: checking if : is a manifest tool
configure:6383: : '-?'
configure:6391: result: no
configure:7023: checking how to run the C preprocessor
configure:7054: gcc -E  conftest.c
configure:7054: $? = 0
configure:7068: gcc -E  conftest.c
conftest.c:14:28: error: ac_nonexistent.h: No such file or directory
configure:7068: $? = 1
configure: failed program was:
| /* confdefs.h */
| #define PACKAGE_NAME ""
| #define PACKAGE_TARNAME ""
| #define PACKAGE_VERSION ""
| #define PACKAGE_STRING ""
| #define PACKAGE_BUGREPORT ""
| #define PACKAGE_URL ""
| #define GTS_MAJOR_VERSION 0
| #define GTS_MINOR_VERSION 7
| #define GTS_MICRO_VERSION 6
| #define GTS_INTERFACE_AGE 1
| #define GTS_BINARY_AGE 1
| /* end confdefs.h.  */
| #include <ac_nonexistent.h>
configure:7093: result: gcc -E
configure:7113: gcc -E  conftest.c
configure:7113: $? = 0
configure:7127: gcc -E  conftest.c
conftest.c:14:28: error: ac_nonexistent.h: No such file or directory
configure:7127: $? = 1
configure: failed program was:
| /* confdefs.h */
| #define PACKAGE_NAME ""
| #define PACKAGE_TARNAME ""
| #define PACKAGE_VERSION ""
| #define PACKAGE_STRING ""
| #define PACKAGE_BUGREPORT ""
| #define PACKAGE_URL ""
| #define GTS_MAJOR_VERSION 0
| #define GTS_MINOR_VERSION 7
| #define GTS_MICRO_VERSION 6
| #define GTS_INTERFACE_AGE 1
| #define GTS_BINARY_AGE 1
| /* end confdefs.h.  */
| #include <ac_nonexistent.h>
configure:7156: checking for ANSI C header files
configure:7176: gcc -c -g -O2  conftest.c >&5
configure:7176: $? = 0
configure:7249: gcc -o conftest -g -O2   conftest.c  >&5
configure:7249: $? = 0
configure:7249: ./conftest
configure:7249: $? = 0
configure:7260: result: yes
configure:7273: checking for sys/types.h
configure:7273: gcc -c -g -O2  conftest.c >&5
configure:7273: $? = 0
configure:7273: result: yes
configure:7273: checking for sys/stat.h
configure:7273: gcc -c -g -O2  conftest.c >&5
configure:7273: $? = 0
configure:7273: result: yes
configure:7273: checking for stdlib.h
configure:7273: gcc -c -g -O2  conftest.c >&5
configure:7273: $? = 0
configure:7273: result: yes
configure:7273: checking for string.h
configure:7273: gcc -c -g -O2  conftest.c >&5
configure:7273: $? = 0
configure:7273: result: yes
configure:7273: checking for memory.h
configure:7273: gcc -c -g -O2  conftest.c >&5
configure:7273: $? = 0
configure:7273: result: yes
configure:7273: checking for strings.h
configure:7273: gcc -c -g -O2  conftest.c >&5
configure:7273: $? = 0
configure:7273: result: yes
configure:7273: checking for inttypes.h
configure:7273: gcc -c -g -O2  conftest.c >&5
configure:7273: $? = 0
configure:7273: result: yes
configure:7273: checking for stdint.h
configure:7273: gcc -c -g -O2  conftest.c >&5
configure:7273: $? = 0
configure:7273: result: yes
configure:7273: checking for unistd.h
configure:7273: gcc -c -g -O2  conftest.c >&5
configure:7273: $? = 0
configure:7273: result: yes
configure:7287: checking for dlfcn.h
configure:7287: gcc -c -g -O2  conftest.c >&5
configure:7287: $? = 0
configure:7287: result: yes
configure:7474: checking for objdir
configure:7489: result: .libs
configure:7756: checking if gcc supports -fno-rtti -fno-exceptions
configure:7774: gcc -c -g -O2  -fno-rtti -fno-exceptions conftest.c >&5
cc1: warning: command line option "-fno-rtti" is valid for C++/ObjC++ but not for C
configure:7778: $? = 0
configure:7791: result: no
configure:8101: checking for gcc option to produce PIC
configure:8108: result: -fPIC -DPIC
configure:8116: checking if gcc PIC flag -fPIC -DPIC works
configure:8134: gcc -c -g -O2  -fPIC -DPIC -DPIC conftest.c >&5
configure:8138: $? = 0
configure:8151: result: yes
configure:8180: checking if gcc static flag -static works
configure:8208: result: no
configure:8223: checking if gcc supports -c -o file.o
configure:8244: gcc -c -g -O2  -o out/conftest2.o conftest.c >&5
configure:8248: $? = 0
configure:8270: result: yes
configure:8278: checking if gcc supports -c -o file.o
configure:8325: result: yes
configure:8358: checking whether the gcc linker (/usr/bin/ld -m elf_x86_64) supports shared libraries
configure:9516: result: yes
configure:9553: checking whether -lc should be explicitly linked in
configure:9561: gcc -c -g -O2  conftest.c >&5
configure:9564: $? = 0
configure:9579: gcc -shared  -fPIC -DPIC conftest.o  -v -Wl,-soname -Wl,conftest -o conftest 2\>\&1 \| /bin/grep  -lc  \>/dev/null 2\>\&1
configure:9582: $? = 0
configure:9596: result: no
configure:9761: checking dynamic linker characteristics
configure:10275: gcc -o conftest -g -O2   -Wl,-rpath -Wl,/foo conftest.c  >&5
configure:10275: $? = 0
configure:10497: result: GNU/Linux ld.so
configure:10604: checking how to hardcode library paths into programs
configure:10629: result: immediate
configure:11169: checking whether stripping libraries is possible
configure:11174: result: yes
configure:11209: checking if libtool supports shared libraries
configure:11211: result: yes
configure:11214: checking whether to build shared libraries
configure:11235: result: yes
configure:11238: checking whether to build static libraries
configure:11242: result: yes
configure:11279: checking whether to enable maintainer-specific portions of Makefiles
configure:11288: result: no
configure:11350: checking for gcc
configure:11377: result: gcc
configure:11606: checking for C compiler version
configure:11615: gcc --version >&5
gcc (GCC) 4.4.6 20120305 (Red Hat 4.4.6-4)
Copyright (C) 2010 Free Software Foundation, Inc.
This is free software; see the source for copying conditions.  There is NO
warranty; not even for MERCHANTABILITY or FITNESS FOR A PARTICULAR PURPOSE.

configure:11626: $? = 0
configure:11615: gcc -v >&5
Using built-in specs.
Target: x86_64-redhat-linux
Configured with: ../configure --prefix=/usr --mandir=/usr/share/man --infodir=/usr/share/info --with-bugurl=http://bugzilla.redhat.com/bugzilla --enable-bootstrap --enable-shared --enable-threads=posix --enable-checking=release --with-system-zlib --enable-__cxa_atexit --disable-libunwind-exceptions --enable-gnu-unique-object --enable-languages=c,c++,objc,obj-c++,java,fortran,ada --enable-java-awt=gtk --disable-dssi --with-java-home=/usr/lib/jvm/java-1.5.0-gcj-1.5.0.0/jre --enable-libgcj-multifile --enable-java-maintainer-mode --with-ecj-jar=/usr/share/java/eclipse-ecj.jar --disable-libjava-multilib --with-ppl --with-cloog --with-tune=generic --with-arch_32=i686 --build=x86_64-redhat-linux
Thread model: posix
gcc version 4.4.6 20120305 (Red Hat 4.4.6-4) (GCC) 
configure:11626: $? = 0
configure:11615: gcc -V >&5
gcc: '-V' option must have argument
configure:11626: $? = 1
configure:11615: gcc -qversion >&5
gcc: unrecognized option '-qversion'
gcc: no input files
configure:11626: $? = 1
configure:11630: checking whether we are using the GNU C compiler
configure:11658: result: yes
configure:11667: checking whether gcc accepts -g
configure:11728: result: yes
configure:11745: checking for gcc option to accept ISO C89
configure:11822: result: none needed
configure:11844: checking dependency style of gcc
configure:11954: result: gcc3
configure:11978: checking for gawk
configure:12005: result: gawk
configure:12016: checking for library containing strerror
configure:12047: gcc -o conftest -g -O2 -Wall -Werror-implicit-function-declaration -Wstrict-prototypes -Wmissing-prototypes -Wmissing-declarations   conftest.c  >&5
conftest.c:33: warning: function declaration isn't a prototype
conftest.c:36: warning: function declaration isn't a prototype
configure:12047: $? = 0
configure:12064: result: none required
configure:12072: checking for ANSI C header files
configure:12176: result: yes
configure:12185: checking pgm.h usability
configure:12185: gcc -c -g -O2 -Wall -Werror-implicit-function-declaration -Wstrict-prototypes -Wmissing-prototypes -Wmissing-declarations  conftest.c >&5
conftest.c:60:17: error: pgm.h: No such file or directory
configure:12185: $? = 1
configure: failed program was:
| /* confdefs.h */
| #define PACKAGE_NAME ""
| #define PACKAGE_TARNAME ""
| #define PACKAGE_VERSION ""
| #define PACKAGE_STRING ""
| #define PACKAGE_BUGREPORT ""
| #define PACKAGE_URL ""
| #define GTS_MAJOR_VERSION 0
| #define GTS_MINOR_VERSION 7
| #define GTS_MICRO_VERSION 6
| #define GTS_INTERFACE_AGE 1
| #define GTS_BINARY_AGE 1
| #define STDC_HEADERS 1
| #define HAVE_SYS_TYPES_H 1
| #define HAVE_SYS_STAT_H 1
| #define HAVE_STDLIB_H 1
| #define HAVE_STRING_H 1
| #define HAVE_MEMORY_H 1
| #define HAVE_STRINGS_H 1
| #define HAVE_INTTYPES_H 1
| #define HAVE_STDINT_H 1
| #define HAVE_UNISTD_H 1
| #define HAVE_DLFCN_H 1
| #define LT_OBJDIR ".libs/"
| #define STDC_HEADERS 1
| /* end confdefs.h.  */
| #include <stdio.h>
| #ifdef HAVE_SYS_TYPES_H
| # include <sys/types.h>
| #endif
| #ifdef HAVE_SYS_STAT_H
| # include <sys/stat.h>
| #endif
| #ifdef STDC_HEADERS
| # include <stdlib.h>
| # include <stddef.h>
| #else
| # ifdef HAVE_STDLIB_H
| #  include <stdlib.h>
| # endif
| #endif
| #ifdef HAVE_STRING_H
| # if !defined STDC_HEADERS && defined HAVE_MEMORY_H
| #  include <memory.h>
| # endif
| # include <string.h>
| #endif
| #ifdef HAVE_STRINGS_H
| # include <strings.h>
| #endif
| #ifdef HAVE_INTTYPES_H
| # include <inttypes.h>
| #endif
| #ifdef HAVE_STDINT_H
| # include <stdint.h>
| #endif
| #ifdef HAVE_UNISTD_H
| # include <unistd.h>
| #endif
| #include <pgm.h>
configure:12185: result: no
configure:12185: checking pgm.h presence
configure:12185: gcc -E  conftest.c
conftest.c:27:17: error: pgm.h: No such file or directory
configure:12185: $? = 1
configure: failed program was:
| /* confdefs.h */
| #define PACKAGE_NAME ""
| #define PACKAGE_TARNAME ""
| #define PACKAGE_VERSION ""
| #define PACKAGE_STRING ""
| #define PACKAGE_BUGREPORT ""
| #define PACKAGE_URL ""
| #define GTS_MAJOR_VERSION 0
| #define GTS_MINOR_VERSION 7
| #define GTS_MICRO_VERSION 6
| #define GTS_INTERFACE_AGE 1
| #define GTS_BINARY_AGE 1
| #define STDC_HEADERS 1
| #define HAVE_SYS_TYPES_H 1
| #define HAVE_SYS_STAT_H 1
| #define HAVE_STDLIB_H 1
| #define HAVE_STRING_H 1
| #define HAVE_MEMORY_H 1
| #define HAVE_STRINGS_H 1
| #define HAVE_INTTYPES_H 1
| #define HAVE_STDINT_H 1
| #define HAVE_UNISTD_H 1
| #define HAVE_DLFCN_H 1
| #define LT_OBJDIR ".libs/"
| #define STDC_HEADERS 1
| /* end confdefs.h.  */
| #include <pgm.h>
configure:12185: result: no
configure:12185: checking for pgm.h
configure:12185: result: no
configure:12194: checking netpbm/pgm.h usability
configure:12194: gcc -c -g -O2 -Wall -Werror-implicit-function-declaration -Wstrict-prototypes -Wmissing-prototypes -Wmissing-declarations  conftest.c >&5
configure:12194: $? = 0
configure:12194: result: yes
configure:12194: checking netpbm/pgm.h presence
configure:12194: gcc -E  conftest.c
configure:12194: $? = 0
configure:12194: result: yes
configure:12194: checking for netpbm/pgm.h
configure:12194: result: yes
configure:12207: checking for pgm_init in -lnetpbm
configure:12232: gcc -o conftest -g -O2 -Wall -Werror-implicit-function-declaration -Wstrict-prototypes -Wmissing-prototypes -Wmissing-declarations   conftest.c -lnetpbm -lm  >&5
conftest.c:35: warning: function declaration isn't a prototype
conftest.c:38: warning: function declaration isn't a prototype
configure:12232: $? = 0
configure:12241: result: yes
configure:12342: checking for pkg-config
configure:12360: found /usr/bin/pkg-config
configure:12372: result: /usr/bin/pkg-config
configure:12397: checking pkg-config is at least version 0.16
configure:12400: result: yes
configure:12418: checking for GLIB - version >= 2.4.0
configure:12532: gcc -o conftest -g -O2 -Wall -Werror-implicit-function-declaration -Wstrict-prototypes -Wmissing-prototypes -Wmissing-declarations -pthread -I/usr/include/glib-2.0 -I/usr/lib64/glib-2.0/include     conftest.c -pthread -Wl,--export-dynamic -lgthread-2.0 -lrt -lgmodule-2.0 -lglib-2.0    >&5
conftest.c:35: warning: function declaration isn't a prototype
configure:12532: $? = 0
configure:12532: ./conftest
configure:12532: $? = 0
configure:12546: result: yes (version 2.22.5)
configure:12983: gcc -c -g -O2 -Wall -Werror-implicit-function-declaration -Wstrict-prototypes -Wmissing-prototypes -Wmissing-declarations -I/usr/include/glib-2.0 -I/usr/lib64/glib-2.0/include    conftest.c >&5
conftest.c:31: warning: function declaration isn't a prototype
conftest.c:32:1: warning: missing terminating " character
conftest.c: In function 'main':
conftest.c:32: error: missing terminating " character
conftest.c:33:13: warning: #warning test
conftest.c:34:3: warning: missing terminating " character
conftest.c: At top level:
conftest.c:34: error: missing terminating " character
conftest.c:36: error: expected identifier or '(' before 'return'
conftest.c:37: error: expected identifier or '(' before '}' token
configure:12983: $? = 1
configure: failed program was:
| /* confdefs.h */
| #define PACKAGE_NAME ""
| #define PACKAGE_TARNAME ""
| #define PACKAGE_VERSION ""
| #define PACKAGE_STRING ""
| #define PACKAGE_BUGREPORT ""
| #define PACKAGE_URL ""
| #define GTS_MAJOR_VERSION 0
| #define GTS_MINOR_VERSION 7
| #define GTS_MICRO_VERSION 6
| #define GTS_INTERFACE_AGE 1
| #define GTS_BINARY_AGE 1
| #define STDC_HEADERS 1
| #define HAVE_SYS_TYPES_H 1
| #define HAVE_SYS_STAT_H 1
| #define HAVE_STDLIB_H 1
| #define HAVE_STRING_H 1
| #define HAVE_MEMORY_H 1
| #define HAVE_STRINGS_H 1
| #define HAVE_INTTYPES_H 1
| #define HAVE_STDINT_H 1
| #define HAVE_UNISTD_H 1
| #define HAVE_DLFCN_H 1
| #define LT_OBJDIR ".libs/"
| #define STDC_HEADERS 1
| #define NETPBM_INCLUDE 1
| /* end confdefs.h.  */
| 
| int
| main ()
| {
| "{
|            #warning test
| 	}"
|   ;
|   return 0;
| }
configure:12988: WARNING: "C preprocessor does not support warning directive."
configure:12996: checking fpu_control.h usability
configure:12996: gcc -c -g -O2 -Wall -Werror-implicit-function-declaration -Wstrict-prototypes -Wmissing-prototypes -Wmissing-declarations -I/usr/include/glib-2.0 -I/usr/lib64/glib-2.0/include    conftest.c >&5
configure:12996: $? = 0
configure:12996: result: yes
configure:12996: checking fpu_control.h presence
configure:12996: gcc -E  conftest.c
configure:12996: $? = 0
configure:12996: result: yes
configure:12996: checking for fpu_control.h
configure:12996: result: yes
configure:13009: checking floatingpoint.h usability
configure:13009: gcc -c -g -O2 -Wall -Werror-implicit-function-declaration -Wstrict-prototypes -Wmissing-prototypes -Wmissing-declarations -I/usr/include/glib-2.0 -I/usr/lib64/glib-2.0/include    conftest.c >&5
conftest.c:63:27: error: floatingpoint.h: No such file or directory
configure:13009: $? = 1
configure: failed program was:
| /* confdefs.h */
| #define PACKAGE_NAME ""
| #define PACKAGE_TARNAME ""
| #define PACKAGE_VERSION ""
| #define PACKAGE_STRING ""
| #define PACKAGE_BUGREPORT ""
| #define PACKAGE_URL ""
| #define GTS_MAJOR_VERSION 0
| #define GTS_MINOR_VERSION 7
| #define GTS_MICRO_VERSION 6
| #define GTS_INTERFACE_AGE 1
| #define GTS_BINARY_AGE 1
| #define STDC_HEADERS 1
| #define HAVE_SYS_TYPES_H 1
| #define HAVE_SYS_STAT_H 1
| #define HAVE_STDLIB_H 1
| #define HAVE_STRING_H 1
| #define HAVE_MEMORY_H 1
| #define HAVE_STRINGS_H 1
| #define HAVE_INTTYPES_H 1
| #define HAVE_STDINT_H 1
| #define HAVE_UNISTD_H 1
| #define HAVE_DLFCN_H 1
| #define LT_OBJDIR ".libs/"
| #define STDC_HEADERS 1
| #define NETPBM_INCLUDE 1
| #define HAVE_FPU_CONTROL_H 1
| #define HAVE_FPU_CONTROL_H 1
| /* end confdefs.h.  */
| #include <stdio.h>
| #ifdef HAVE_SYS_TYPES_H
| # include <sys/types.h>
| #endif
| #ifdef HAVE_SYS_STAT_H
| # include <sys/stat.h>
| #endif
| #ifdef STDC_HEADERS
| # include <stdlib.h>
| # include <stddef.h>
| #else
| # ifdef HAVE_STDLIB_H
| #  include <stdlib.h>
| # endif
| #endif
| #ifdef HAVE_STRING_H
| # if !defined STDC_HEADERS && defined HAVE_MEMORY_H
| #  include <memory.h>
| # endif
| # include <string.h>
| #endif
| #ifdef HAVE_STRINGS_H
| # include <strings.h>
| #endif
| #ifdef HAVE_INTTYPES_H
| # include <inttypes.h>
| #endif
| #ifdef HAVE_STDINT_H
| # include <stdint.h>
| #endif
| #ifdef HAVE_UNISTD_H
| # include <unistd.h>
| #endif
| #include <floatingpoint.h>
configure:13009: result: no
configure:13009: checking floatingpoint.h presence
configure:13009: gcc -E  conftest.c
conftest.c:30:27: error: floatingpoint.h: No such file or directory
configure:13009: $? = 1
configure: failed program was:
| /* confdefs.h */
| #define PACKAGE_NAME ""
| #define PACKAGE_TARNAME ""
| #define PACKAGE_VERSION ""
| #define PACKAGE_STRING ""
| #define PACKAGE_BUGREPORT ""
| #define PACKAGE_URL ""
| #define GTS_MAJOR_VERSION 0
| #define GTS_MINOR_VERSION 7
| #define GTS_MICRO_VERSION 6
| #define GTS_INTERFACE_AGE 1
| #define GTS_BINARY_AGE 1
| #define STDC_HEADERS 1
| #define HAVE_SYS_TYPES_H 1
| #define HAVE_SYS_STAT_H 1
| #define HAVE_STDLIB_H 1
| #define HAVE_STRING_H 1
| #define HAVE_MEMORY_H 1
| #define HAVE_STRINGS_H 1
| #define HAVE_INTTYPES_H 1
| #define HAVE_STDINT_H 1
| #define HAVE_UNISTD_H 1
| #define HAVE_DLFCN_H 1
| #define LT_OBJDIR ".libs/"
| #define STDC_HEADERS 1
| #define NETPBM_INCLUDE 1
| #define HAVE_FPU_CONTROL_H 1
| #define HAVE_FPU_CONTROL_H 1
| /* end confdefs.h.  */
| #include <floatingpoint.h>
configure:13009: result: no
configure:13009: checking for floatingpoint.h
configure:13009: result: no
configure:13022: checking for unistd.h
configure:13022: result: yes
configure:13035: checking getopt.h usability
configure:13035: gcc -c -g -O2 -Wall -Werror-implicit-function-declaration -Wstrict-prototypes -Wmissing-prototypes -Wmissing-declarations -I/usr/include/glib-2.0 -I/usr/lib64/glib-2.0/include    conftest.c >&5
configure:13035: $? = 0
configure:13035: result: yes
configure:13035: checking getopt.h presence
configure:13035: gcc -E  conftest.c
configure:13035: $? = 0
configure:13035: result: yes
configure:13035: checking for getopt.h
configure:13035: result: yes
configure:13049: checking for getopt_long
configure:13049: gcc -o conftest -g -O2 -Wall -Werror-implicit-function-declaration -Wstrict-prototypes -Wmissing-prototypes -Wmissing-declarations -I/usr/include/glib-2.0 -I/usr/lib64/glib-2.0/include     -lglib-2.0   conftest.c  >&5
conftest.c:57: warning: function declaration isn't a prototype
conftest.c:67: warning: function declaration isn't a prototype
configure:13049: $? = 0
configure:13049: result: yes
configure:13203: creating ./config.status

## ---------------------- ##
## Running config.status. ##
## ---------------------- ##

This file was extended by config.status, which was
generated by GNU Autoconf 2.68.  Invocation command line was

  CONFIG_FILES    = 
  CONFIG_HEADERS  = 
  CONFIG_LINKS    = 
  CONFIG_COMMANDS = 
  $ ./config.status 

on vlx24.see.ed.ac.uk

config.status:1147: creating Makefile
config.status:1147: creating gts.pc
config.status:1147: creating src/Makefile
config.status:1147: creating src/gts-config
config.status:1147: creating tools/Makefile
config.status:1147: creating doc/Makefile
config.status:1147: creating doc/manpages/Makefile
config.status:1147: creating examples/Makefile
config.status:1147: creating test/Makefile
config.status:1147: creating test/boolean/Makefile
config.status:1147: creating test/delaunay/Makefile
config.status:1147: creating test/coarsen/Makefile
config.status:1147: creating debian/Makefile
config.status:1147: creating config.h
config.status:1328: config.h is unchanged
config.status:1376: executing depfiles commands
config.status:1376: executing libtool commands
config.status:1376: executing default-1 commands

## ---------------- ##
## Cache variables. ##
## ---------------- ##

ac_cv_build=x86_64-unknown-linux-gnu
ac_cv_c_compiler_gnu=yes
ac_cv_env_CC_set=
ac_cv_env_CC_value=
ac_cv_env_CFLAGS_set=
ac_cv_env_CFLAGS_value=
ac_cv_env_CPPFLAGS_set=
ac_cv_env_CPPFLAGS_value=
ac_cv_env_CPP_set=
ac_cv_env_CPP_value=
ac_cv_env_LDFLAGS_set=
ac_cv_env_LDFLAGS_value=
ac_cv_env_LIBS_set=
ac_cv_env_LIBS_value=
ac_cv_env_PKG_CONFIG_set=
ac_cv_env_PKG_CONFIG_value=
ac_cv_env_build_alias_set=
ac_cv_env_build_alias_value=
ac_cv_env_host_alias_set=
ac_cv_env_host_alias_value=
ac_cv_env_target_alias_set=
ac_cv_env_target_alias_value=
ac_cv_func_getopt_long=yes
ac_cv_header_dlfcn_h=yes
ac_cv_header_floatingpoint_h=no
ac_cv_header_fpu_control_h=yes
ac_cv_header_getopt_h=yes
ac_cv_header_inttypes_h=yes
ac_cv_header_memory_h=yes
ac_cv_header_netpbm_pgm_h=yes
ac_cv_header_pgm_h=no
ac_cv_header_stdc=yes
ac_cv_header_stdint_h=yes
ac_cv_header_stdlib_h=yes
ac_cv_header_string_h=yes
ac_cv_header_strings_h=yes
ac_cv_header_sys_stat_h=yes
ac_cv_header_sys_types_h=yes
ac_cv_header_unistd_h=yes
ac_cv_host=x86_64-unknown-linux-gnu
ac_cv_lib_netpbm_pgm_init=yes
ac_cv_objext=o
ac_cv_path_EGREP='/bin/grep -E'
ac_cv_path_FGREP='/bin/grep -F'
ac_cv_path_GREP=/bin/grep
ac_cv_path_SED=/bin/sed
ac_cv_path_ac_pt_PKG_CONFIG=/usr/bin/pkg-config
ac_cv_path_install='/usr/bin/install -c'
ac_cv_path_mkdir=/bin/mkdir
ac_cv_prog_AWK=gawk
ac_cv_prog_CPP='gcc -E'
ac_cv_prog_ac_ct_AR=ar
ac_cv_prog_ac_ct_CC=gcc
ac_cv_prog_ac_ct_OBJDUMP=objdump
ac_cv_prog_ac_ct_RANLIB=ranlib
ac_cv_prog_ac_ct_STRIP=strip
ac_cv_prog_cc_c89=
ac_cv_prog_cc_g=yes
ac_cv_prog_make_make_set=yes
ac_cv_search_strerror='none required'
am_cv_CC_dependencies_compiler_type=gcc3
lt_cv_ar_at_file=@
lt_cv_archive_cmds_need_lc=no
lt_cv_deplibs_check_method=pass_all
lt_cv_file_magic_cmd='$MAGIC_CMD'
lt_cv_file_magic_test_file=
lt_cv_ld_reload_flag=-r
lt_cv_nm_interface='BSD nm'
lt_cv_objdir=.libs
lt_cv_path_LD=/usr/bin/ld
lt_cv_path_NM='/usr/bin/nm -B'
lt_cv_path_mainfest_tool=no
lt_cv_prog_compiler_c_o=yes
lt_cv_prog_compiler_pic='-fPIC -DPIC'
lt_cv_prog_compiler_pic_works=yes
lt_cv_prog_compiler_rtti_exceptions=no
lt_cv_prog_compiler_static_works=no
lt_cv_prog_gnu_ld=yes
lt_cv_sharedlib_from_linklib_cmd='printf %s\n'
lt_cv_shlibpath_overrides_runpath=no
lt_cv_sys_global_symbol_pipe='sed -n -e '\''s/^.*[	 ]\([ABCDGIRSTW][ABCDGIRSTW]*\)[	 ][	 ]*\([_A-Za-z][_A-Za-z0-9]*\)$/\1 \2 \2/p'\'' | sed '\''/ __gnu_lto/d'\'''
lt_cv_sys_global_symbol_to_c_name_address='sed -n -e '\''s/^: \([^ ]*\)[ ]*$/  {\"\1\", (void *) 0},/p'\'' -e '\''s/^[ABCDGIRSTW]* \([^ ]*\) \([^ ]*\)$/  {"\2", (void *) \&\2},/p'\'''
lt_cv_sys_global_symbol_to_c_name_address_lib_prefix='sed -n -e '\''s/^: \([^ ]*\)[ ]*$/  {\"\1\", (void *) 0},/p'\'' -e '\''s/^[ABCDGIRSTW]* \([^ ]*\) \(lib[^ ]*\)$/  {"\2", (void *) \&\2},/p'\'' -e '\''s/^[ABCDGIRSTW]* \([^ ]*\) \([^ ]*\)$/  {"lib\2", (void *) \&\2},/p'\'''
lt_cv_sys_global_symbol_to_cdecl='sed -n -e '\''s/^T .* \(.*\)$/extern int \1();/p'\'' -e '\''s/^[ABCDGIRSTW]* .* \(.*\)$/extern char \1;/p'\'''
lt_cv_sys_max_cmd_len=1966080
lt_cv_to_host_file_cmd=func_convert_file_noop
lt_cv_to_tool_file_cmd=func_convert_file_noop

## ----------------- ##
## Output variables. ##
## ----------------- ##

ACLOCAL='${SHELL} /home/s1043482/Gerris_Source/gts_Inuse/missing --run aclocal-1.11'
AMDEPBACKSLASH='\'
AMDEP_FALSE='#'
AMDEP_TRUE=''
AMTAR='${SHELL} /home/s1043482/Gerris_Source/gts_Inuse/missing --run tar'
AR='ar'
AUTOCONF='${SHELL} /home/s1043482/Gerris_Source/gts_Inuse/missing --run autoconf'
AUTOHEADER='${SHELL} /home/s1043482/Gerris_Source/gts_Inuse/missing --run autoheader'
AUTOMAKE='${SHELL} /home/s1043482/Gerris_Source/gts_Inuse/missing --run automake-1.11'
AWK='gawk'
CC='gcc'
CCDEPMODE='depmode=gcc3'
CFLAGS='-g -O2 -Wall -Werror-implicit-function-declaration -Wstrict-prototypes -Wmissing-prototypes -Wmissing-declarations -I/usr/include/glib-2.0 -I/usr/lib64/glib-2.0/include  '
CPP='gcc -E'
CPPFLAGS=''
CYGPATH_W='echo'
DEFS='-DHAVE_CONFIG_H'
DEPDIR='.deps'
DLLTOOL='false'
DSYMUTIL=''
DUMPBIN=''
ECHO_C=''
ECHO_N='-n'
ECHO_T=''
EGREP='/bin/grep -E'
EXEEXT=''
FGREP='/bin/grep -F'
GLIB_CFLAGS='-pthread -I/usr/include/glib-2.0 -I/usr/lib64/glib-2.0/include  '
GLIB_CONFIG=''
GLIB_DEPLIBS='-lglib-2.0  '
GLIB_GENMARSHAL='glib-genmarshal'
GLIB_LIBS='-lglib-2.0  '
GLIB_MKENUMS='glib-mkenums'
GOBJECT_QUERY='gobject-query'
GREP='/bin/grep'
GTS_MAJOR_VERSION='0'
GTS_MICRO_VERSION='6'
GTS_MINOR_VERSION='7'
GTS_VERSION='0.7.6'
HAS_NETPBM_FALSE='#'
HAS_NETPBM_TRUE=''
INSTALL_DATA='${INSTALL} -m 644'
INSTALL_PROGRAM='${INSTALL}'
INSTALL_SCRIPT='${INSTALL}'
INSTALL_STRIP_PROGRAM='$(install_sh) -c -s'
LD='/usr/bin/ld -m elf_x86_64'
LDFLAGS=' -lglib-2.0  '
LIBOBJS=''
LIBS=''
LIBTOOL='$(SHELL) $(top_builddir)/libtool'
LIPO=''
LN_S='ln -s'
LTLIBOBJS=''
LT_AGE='0'
LT_CURRENT='5'
LT_RELEASE='0.7'
LT_REVISION='1'
MAINT='#'
MAINTAINER_MODE_FALSE=''
MAINTAINER_MODE_TRUE='#'
MAKEINFO='${SHELL} /home/s1043482/Gerris_Source/gts_Inuse/missing --run makeinfo'
MANIFEST_TOOL=':'
MKDIR_P='/bin/mkdir -p'
NM='/usr/bin/nm -B'
NMEDIT=''
OBJDUMP='objdump'
OBJEXT='o'
OTOOL64=''
OTOOL=''
PACKAGE='gts'
PACKAGE_BUGREPORT=''
PACKAGE_NAME=''
PACKAGE_STRING=''
PACKAGE_TARNAME=''
PACKAGE_URL=''
PACKAGE_VERSION=''
PATH_SEPARATOR=':'
PKG_CONFIG='/usr/bin/pkg-config'
RANLIB='ranlib'
SED='/bin/sed'
SET_MAKE=''
SHELL='/bin/sh'
STRIP='strip'
VERSION='0.7.6'
ac_ct_AR='ar'
ac_ct_CC='gcc'
ac_ct_DUMPBIN=''
am__EXEEXT_FALSE=''
am__EXEEXT_TRUE='#'
am__fastdepCC_FALSE='#'
am__fastdepCC_TRUE=''
am__include='include'
am__isrc=''
am__leading_dot='.'
am__quote=''
am__tar='${AMTAR} chof - "$$tardir"'
am__untar='${AMTAR} xf -'
bindir='${exec_prefix}/bin'
build='x86_64-unknown-linux-gnu'
build_alias=''
build_cpu='x86_64'
build_os='linux-gnu'
build_vendor='unknown'
datadir='${datarootdir}'
datarootdir='${prefix}/share'
docdir='${datarootdir}/doc/${PACKAGE}'
dvidir='${docdir}'
exec_prefix='${prefix}'
glib_cflags='-I/usr/include/glib-2.0 -I/usr/lib64/glib-2.0/include  '
glib_libs='-lglib-2.0  '
glib_module_cflags='-I/usr/include/glib-2.0 -I/usr/lib64/glib-2.0/include  '
glib_module_libs='-Wl,--export-dynamic -lgmodule-2.0 -lglib-2.0  '
glib_thread_cflags='-pthread -I/usr/include/glib-2.0 -I/usr/lib64/glib-2.0/include  '
glib_thread_libs='-pthread -lgthread-2.0 -lrt -lglib-2.0  '
host='x86_64-unknown-linux-gnu'
host_alias=''
host_cpu='x86_64'
host_os='linux-gnu'
host_vendor='unknown'
htmldir='${docdir}'
includedir='${prefix}/include'
infodir='${datarootdir}/info'
install_sh='${SHELL} /home/s1043482/Gerris_Source/gts_Inuse/install-sh'
libdir='${exec_prefix}/lib'
libexecdir='${exec_prefix}/libexec'
localedir='${datarootdir}/locale'
localstatedir='${prefix}/var'
mandir='${datarootdir}/man'
mkdir_p='/bin/mkdir -p'
oldincludedir='/usr/include'
pdfdir='${docdir}'
prefix='/home/s1043482/local_install'
program_transform_name='s,x,x,'
psdir='${docdir}'
sbindir='${exec_prefix}/sbin'
sharedstatedir='${prefix}/com'
sysconfdir='${prefix}/etc'
target_alias=''

## ----------- ##
## confdefs.h. ##
## ----------- ##

/* confdefs.h */
#define PACKAGE_NAME ""
#define PACKAGE_TARNAME ""
#define PACKAGE_VERSION ""
#define PACKAGE_STRING ""
#define PACKAGE_BUGREPORT ""
#define PACKAGE_URL ""
#define GTS_MAJOR_VERSION 0
#define GTS_MINOR_VERSION 7
#define GTS_MICRO_VERSION 6
#define GTS_INTERFACE_AGE 1
#define GTS_BINARY_AGE 1
#define STDC_HEADERS 1
#define HAVE_SYS_TYPES_H 1
#define HAVE_SYS_STAT_H 1
#define HAVE_STDLIB_H 1
#define HAVE_STRING_H 1
#define HAVE_MEMORY_H 1
#define HAVE_STRINGS_H 1
#define HAVE_INTTYPES_H 1
#define HAVE_STDINT_H 1
#define HAVE_UNISTD_H 1
#define HAVE_DLFCN_H 1
#define LT_OBJDIR ".libs/"
#define STDC_HEADERS 1
#define NETPBM_INCLUDE 1
#define HAVE_FPU_CONTROL_H 1
#define HAVE_FPU_CONTROL_H 1
#define HAVE_UNISTD_H 1
#define HAVE_UNISTD_H 1
#define HAVE_GETOPT_H 1
#define HAVE_GETOPT_H 1
#define HAVE_GETOPT_LONG 1

configure: exit 0
