This file contains any messages produced by compilers while
running configure, to aid debugging if configure makes a mistake.

It was created by configure, which was
generated by GNU Autoconf 2.68.  Invocation command line was

  $ ./configure --prefix=/home/s1043482/local_install

## --------- ##
## Platform. ##
## --------- ##

hostname = pctlc35.see.ed.ac.uk
uname -m = x86_64
uname -r = 2.6.32-358.6.2.el6.x86_64
uname -s = Linux
uname -v = #1 SMP Thu May 16 11:21:38 CDT 2013

/usr/bin/uname -p = unknown
/bin/uname -X     = unknown

/bin/arch              = x86_64
/usr/bin/arch -k       = unknown
/usr/convex/getsysinfo = unknown
/usr/bin/hostinfo      = unknown
/bin/machine           = unknown
/usr/bin/oslevel       = unknown
/bin/universe          = unknown

PATH: /home/s1043482/local_install/bin
PATH: /home/s1043482/local_install/usr/local/bin
PATH: /home/s1043482/bin/share
PATH: /home/s1043482/bin/x86_64
PATH: /home/s1043482/bin/share
PATH: /home/s1043482/bin/x86_64
PATH: /usr/lib64/qt-3.3/bin
PATH: /usr/NX/bin
PATH: /usr/local/share/bin
PATH: /usr/local/share/bin
PATH: /usr/local/bin
PATH: /bin
PATH: /usr/bin
PATH: /usr/local/sbin
PATH: /usr/sbin
PATH: /sbin
PATH: /usr/lib64/alliance/bin
PATH: /usr/libexec/sdcc
PATH: /usr/openwin/bin
PATH: /usr/lib64/alliance/bin
PATH: /usr/libexec/sdcc


## ----------- ##
## Core tests. ##
## ----------- ##

configure:2529: checking for a BSD-compatible install
configure:2597: result: /usr/bin/install -c
configure:2608: checking whether build environment is sane
configure:2658: result: yes
configure:2799: checking for a thread-safe mkdir -p
configure:2838: result: /bin/mkdir -p
configure:2851: checking for gawk
configure:2867: found /bin/gawk
configure:2878: result: gawk
configure:2889: checking whether make sets $(MAKE)
configure:2911: result: yes
configure:3024: checking whether to enable maintainer-specific portions of Makefiles
configure:3033: result: no
configure:3091: checking for mpicc
configure:3107: found /usr/bin/mpicc
configure:3119: result: yes
configure:3191: checking for gcc
configure:3218: result: mpicc
configure:3447: checking for C compiler version
configure:3456: mpicc --version >&5
gcc (GCC) 4.4.7 20120313 (Red Hat 4.4.7-3)
Copyright (C) 2010 Free Software Foundation, Inc.
This is free software; see the source for copying conditions.  There is NO
warranty; not even for MERCHANTABILITY or FITNESS FOR A PARTICULAR PURPOSE.

configure:3467: $? = 0
configure:3456: mpicc -v >&5
mpicc for MPICH2 version 1.2.1
Using built-in specs.
Target: x86_64-redhat-linux
Configured with: ../configure --prefix=/usr --mandir=/usr/share/man --infodir=/usr/share/info --with-bugurl=http://bugzilla.redhat.com/bugzilla --enable-bootstrap --enable-shared --enable-threads=posix --enable-checking=release --with-system-zlib --enable-__cxa_atexit --disable-libunwind-exceptions --enable-gnu-unique-object --enable-languages=c,c++,objc,obj-c++,java,fortran,ada --enable-java-awt=gtk --disable-dssi --with-java-home=/usr/lib/jvm/java-1.5.0-gcj-1.5.0.0/jre --enable-libgcj-multifile --enable-java-maintainer-mode --with-ecj-jar=/usr/share/java/eclipse-ecj.jar --disable-libjava-multilib --with-ppl --with-cloog --with-tune=generic --with-arch_32=i686 --build=x86_64-redhat-linux
Thread model: posix
gcc version 4.4.7 20120313 (Red Hat 4.4.7-3) (GCC) 
configure:3467: $? = 0
configure:3456: mpicc -V >&5
gcc: '-V' must come at the start of the command line
configure:3467: $? = 1
configure:3456: mpicc -qversion >&5
gcc: unrecognized option '-qversion'
/usr/lib/gcc/x86_64-redhat-linux/4.4.7/../../../../lib64/crt1.o: In function `_start':
(.text+0x20): undefined reference to `main'
collect2: ld returned 1 exit status
configure:3467: $? = 1
configure:3487: checking whether the C compiler works
configure:3509: mpicc  -I/home/s1043482/local_install/Hypre/include -L/home/s1043482/local_install/Hypre/lib conftest.c  >&5
configure:3513: $? = 0
configure:3561: result: yes
configure:3564: checking for C compiler default output file name
configure:3566: result: a.out
configure:3572: checking for suffix of executables
configure:3579: mpicc -o conftest  -I/home/s1043482/local_install/Hypre/include -L/home/s1043482/local_install/Hypre/lib conftest.c  >&5
configure:3583: $? = 0
configure:3605: result: 
configure:3627: checking whether we are cross compiling
configure:3635: mpicc -o conftest  -I/home/s1043482/local_install/Hypre/include -L/home/s1043482/local_install/Hypre/lib conftest.c  >&5
configure:3639: $? = 0
configure:3646: ./conftest
configure:3650: $? = 0
configure:3665: result: no
configure:3670: checking for suffix of object files
configure:3692: mpicc -c  -I/home/s1043482/local_install/Hypre/include conftest.c >&5
configure:3696: $? = 0
configure:3717: result: o
configure:3721: checking whether we are using the GNU C compiler
configure:3740: mpicc -c  -I/home/s1043482/local_install/Hypre/include conftest.c >&5
configure:3740: $? = 0
configure:3749: result: yes
configure:3758: checking whether mpicc accepts -g
configure:3778: mpicc -c -g -I/home/s1043482/local_install/Hypre/include conftest.c >&5
configure:3778: $? = 0
configure:3819: result: yes
configure:3836: checking for mpicc option to accept ISO C89
configure:3900: mpicc  -c -g -O2 -I/home/s1043482/local_install/Hypre/include conftest.c >&5
configure:3900: $? = 0
configure:3913: result: none needed
configure:3944: checking for style of include used by make
configure:3972: result: GNU
configure:3997: checking dependency style of mpicc
configure:4107: result: gcc3
configure:4131: checking build system type
configure:4145: result: x86_64-unknown-linux-gnu
configure:4165: checking host system type
configure:4178: result: x86_64-unknown-linux-gnu
configure:4547: checking how to print strings
configure:4574: result: printf
configure:4595: checking for a sed that does not truncate output
configure:4659: result: /bin/sed
configure:4677: checking for grep that handles long lines and -e
configure:4735: result: /bin/grep
configure:4740: checking for egrep
configure:4802: result: /bin/grep -E
configure:4807: checking for fgrep
configure:4869: result: /bin/grep -F
configure:4904: checking for ld used by mpicc
configure:4971: result: /usr/bin/ld
configure:4978: checking if the linker (/usr/bin/ld) is GNU ld
configure:4993: result: yes
configure:5005: checking for BSD- or MS-compatible name lister (nm)
configure:5054: result: /usr/bin/nm -B
configure:5184: checking the name lister (/usr/bin/nm -B) interface
configure:5191: mpicc -c -g -O2 -Wall -Werror-implicit-function-declaration -Wmissing-prototypes -Wmissing-declarations -pipe -std=c99 -D_XOPEN_SOURCE=500 -D_BSD_SOURCE -I/home/s1043482/local_install/Hypre/include conftest.c >&5
configure:5194: /usr/bin/nm -B "conftest.o"
configure:5197: output
0000000000000000 B some_variable
configure:5204: result: BSD nm
configure:5207: checking whether ln -s works
configure:5211: result: yes
configure:5219: checking the maximum length of command line arguments
configure:5344: result: 1966080
configure:5361: checking whether the shell understands some XSI constructs
configure:5371: result: yes
configure:5375: checking whether the shell understands "+="
configure:5381: result: yes
configure:5416: checking how to convert x86_64-unknown-linux-gnu file names to x86_64-unknown-linux-gnu format
configure:5456: result: func_convert_file_noop
configure:5463: checking how to convert x86_64-unknown-linux-gnu file names to toolchain format
configure:5483: result: func_convert_file_noop
configure:5490: checking for /usr/bin/ld option to reload object files
configure:5497: result: -r
configure:5571: checking for objdump
configure:5598: result: objdump
configure:5627: checking how to recognize dependent libraries
configure:5829: result: pass_all
configure:5914: checking for dlltool
configure:5941: result: dlltool
configure:5971: checking how to associate runtime and link libraries
configure:5998: result: printf %s\n
configure:6059: checking for ar
configure:6075: found /usr/bin/ar
configure:6086: result: ar
configure:6123: checking for archiver @FILE support
configure:6140: mpicc -c -g -O2 -Wall -Werror-implicit-function-declaration -Wmissing-prototypes -Wmissing-declarations -pipe -std=c99 -D_XOPEN_SOURCE=500 -D_BSD_SOURCE -I/home/s1043482/local_install/Hypre/include conftest.c >&5
configure:6140: $? = 0
configure:6143: ar cru libconftest.a @conftest.lst >&5
configure:6146: $? = 0
configure:6151: ar cru libconftest.a @conftest.lst >&5
ar: conftest.o: No such file or directory
configure:6154: $? = 1
configure:6166: result: @
configure:6224: checking for strip
configure:6240: found /usr/bin/strip
configure:6251: result: strip
configure:6323: checking for ranlib
configure:6339: found /usr/bin/ranlib
configure:6350: result: ranlib
configure:6452: checking command to parse /usr/bin/nm -B output from mpicc object
configure:6571: mpicc -c -g -O2 -Wall -Werror-implicit-function-declaration -Wmissing-prototypes -Wmissing-declarations -pipe -std=c99 -D_XOPEN_SOURCE=500 -D_BSD_SOURCE -I/home/s1043482/local_install/Hypre/include conftest.c >&5
configure:6574: $? = 0
configure:6578: /usr/bin/nm -B conftest.o \| sed -n -e 's/^.*[ ]\([ABCDGIRSTW][ABCDGIRSTW]*\)[ ][ ]*\([_A-Za-z][_A-Za-z0-9]*\)$/\1 \2 \2/p' | sed '/ __gnu_lto/d' \> conftest.nm
configure:6581: $? = 0
configure:6647: mpicc -o conftest -g -O2 -Wall -Werror-implicit-function-declaration -Wmissing-prototypes -Wmissing-declarations -pipe -std=c99 -D_XOPEN_SOURCE=500 -D_BSD_SOURCE -I/home/s1043482/local_install/Hypre/include -L/home/s1043482/local_install/Hypre/lib conftest.c conftstm.o >&5
configure:6650: $? = 0
configure:6688: result: ok
configure:6725: checking for sysroot
configure:6755: result: no
configure:6832: mpicc -c -g -O2 -Wall -Werror-implicit-function-declaration -Wmissing-prototypes -Wmissing-declarations -pipe -std=c99 -D_XOPEN_SOURCE=500 -D_BSD_SOURCE -I/home/s1043482/local_install/Hypre/include conftest.c >&5
configure:6835: $? = 0
configure:6998: checking for mt
configure:7028: result: no
configure:7048: checking if : is a manifest tool
configure:7054: : '-?'
configure:7062: result: no
configure:7694: checking how to run the C preprocessor
configure:7725: mpicc -E -I/home/s1043482/local_install/Hypre/include conftest.c
configure:7725: $? = 0
configure:7739: mpicc -E -I/home/s1043482/local_install/Hypre/include conftest.c
conftest.c:17:28: error: ac_nonexistent.h: No such file or directory
configure:7739: $? = 1
configure: failed program was:
| /* confdefs.h */
| #define PACKAGE_NAME ""
| #define PACKAGE_TARNAME ""
| #define PACKAGE_VERSION ""
| #define PACKAGE_STRING ""
| #define PACKAGE_BUGREPORT ""
| #define PACKAGE_URL ""
| #define GFS_MAJOR_VERSION 1
| #define GFS_MINOR_VERSION 3
| #define GFS_MICRO_VERSION 2
| #define GFS_INTERFACE_AGE 0
| #define GFS_BINARY_AGE 0
| #define GFS_VERSION "1.3.2"
| #define GFS_COMPILATION_FLAGS ""
| #define HAVE_MPI 1
| /* end confdefs.h.  */
| #include <ac_nonexistent.h>
configure:7764: result: mpicc -E
configure:7784: mpicc -E -I/home/s1043482/local_install/Hypre/include conftest.c
configure:7784: $? = 0
configure:7798: mpicc -E -I/home/s1043482/local_install/Hypre/include conftest.c
conftest.c:17:28: error: ac_nonexistent.h: No such file or directory
configure:7798: $? = 1
configure: failed program was:
| /* confdefs.h */
| #define PACKAGE_NAME ""
| #define PACKAGE_TARNAME ""
| #define PACKAGE_VERSION ""
| #define PACKAGE_STRING ""
| #define PACKAGE_BUGREPORT ""
| #define PACKAGE_URL ""
| #define GFS_MAJOR_VERSION 1
| #define GFS_MINOR_VERSION 3
| #define GFS_MICRO_VERSION 2
| #define GFS_INTERFACE_AGE 0
| #define GFS_BINARY_AGE 0
| #define GFS_VERSION "1.3.2"
| #define GFS_COMPILATION_FLAGS ""
| #define HAVE_MPI 1
| /* end confdefs.h.  */
| #include <ac_nonexistent.h>
configure:7827: checking for ANSI C header files
configure:7847: mpicc -c -g -O2 -Wall -Werror-implicit-function-declaration -Wmissing-prototypes -Wmissing-declarations -pipe -std=c99 -D_XOPEN_SOURCE=500 -D_BSD_SOURCE -I/home/s1043482/local_install/Hypre/include conftest.c >&5
configure:7847: $? = 0
configure:7920: mpicc -o conftest -g -O2 -Wall -Werror-implicit-function-declaration -Wmissing-prototypes -Wmissing-declarations -pipe -std=c99 -D_XOPEN_SOURCE=500 -D_BSD_SOURCE -I/home/s1043482/local_install/Hypre/include -L/home/s1043482/local_install/Hypre/lib conftest.c  >&5
configure:7920: $? = 0
configure:7920: ./conftest
configure:7920: $? = 0
configure:7931: result: yes
configure:7944: checking for sys/types.h
configure:7944: mpicc -c -g -O2 -Wall -Werror-implicit-function-declaration -Wmissing-prototypes -Wmissing-declarations -pipe -std=c99 -D_XOPEN_SOURCE=500 -D_BSD_SOURCE -I/home/s1043482/local_install/Hypre/include conftest.c >&5
configure:7944: $? = 0
configure:7944: result: yes
configure:7944: checking for sys/stat.h
configure:7944: mpicc -c -g -O2 -Wall -Werror-implicit-function-declaration -Wmissing-prototypes -Wmissing-declarations -pipe -std=c99 -D_XOPEN_SOURCE=500 -D_BSD_SOURCE -I/home/s1043482/local_install/Hypre/include conftest.c >&5
configure:7944: $? = 0
configure:7944: result: yes
configure:7944: checking for stdlib.h
configure:7944: mpicc -c -g -O2 -Wall -Werror-implicit-function-declaration -Wmissing-prototypes -Wmissing-declarations -pipe -std=c99 -D_XOPEN_SOURCE=500 -D_BSD_SOURCE -I/home/s1043482/local_install/Hypre/include conftest.c >&5
configure:7944: $? = 0
configure:7944: result: yes
configure:7944: checking for string.h
configure:7944: mpicc -c -g -O2 -Wall -Werror-implicit-function-declaration -Wmissing-prototypes -Wmissing-declarations -pipe -std=c99 -D_XOPEN_SOURCE=500 -D_BSD_SOURCE -I/home/s1043482/local_install/Hypre/include conftest.c >&5
configure:7944: $? = 0
configure:7944: result: yes
configure:7944: checking for memory.h
configure:7944: mpicc -c -g -O2 -Wall -Werror-implicit-function-declaration -Wmissing-prototypes -Wmissing-declarations -pipe -std=c99 -D_XOPEN_SOURCE=500 -D_BSD_SOURCE -I/home/s1043482/local_install/Hypre/include conftest.c >&5
configure:7944: $? = 0
configure:7944: result: yes
configure:7944: checking for strings.h
configure:7944: mpicc -c -g -O2 -Wall -Werror-implicit-function-declaration -Wmissing-prototypes -Wmissing-declarations -pipe -std=c99 -D_XOPEN_SOURCE=500 -D_BSD_SOURCE -I/home/s1043482/local_install/Hypre/include conftest.c >&5
configure:7944: $? = 0
configure:7944: result: yes
configure:7944: checking for inttypes.h
configure:7944: mpicc -c -g -O2 -Wall -Werror-implicit-function-declaration -Wmissing-prototypes -Wmissing-declarations -pipe -std=c99 -D_XOPEN_SOURCE=500 -D_BSD_SOURCE -I/home/s1043482/local_install/Hypre/include conftest.c >&5
configure:7944: $? = 0
configure:7944: result: yes
configure:7944: checking for stdint.h
configure:7944: mpicc -c -g -O2 -Wall -Werror-implicit-function-declaration -Wmissing-prototypes -Wmissing-declarations -pipe -std=c99 -D_XOPEN_SOURCE=500 -D_BSD_SOURCE -I/home/s1043482/local_install/Hypre/include conftest.c >&5
configure:7944: $? = 0
configure:7944: result: yes
configure:7944: checking for unistd.h
configure:7944: mpicc -c -g -O2 -Wall -Werror-implicit-function-declaration -Wmissing-prototypes -Wmissing-declarations -pipe -std=c99 -D_XOPEN_SOURCE=500 -D_BSD_SOURCE -I/home/s1043482/local_install/Hypre/include conftest.c >&5
configure:7944: $? = 0
configure:7944: result: yes
configure:7958: checking for dlfcn.h
configure:7958: mpicc -c -g -O2 -Wall -Werror-implicit-function-declaration -Wmissing-prototypes -Wmissing-declarations -pipe -std=c99 -D_XOPEN_SOURCE=500 -D_BSD_SOURCE -I/home/s1043482/local_install/Hypre/include conftest.c >&5
configure:7958: $? = 0
configure:7958: result: yes
configure:8143: checking for objdir
configure:8158: result: .libs
configure:8425: checking if mpicc supports -fno-rtti -fno-exceptions
configure:8443: mpicc -c -g -O2 -Wall -Werror-implicit-function-declaration -Wmissing-prototypes -Wmissing-declarations -pipe -std=c99 -D_XOPEN_SOURCE=500 -D_BSD_SOURCE -I/home/s1043482/local_install/Hypre/include -fno-rtti -fno-exceptions conftest.c >&5
cc1: warning: command line option "-fno-rtti" is valid for C++/ObjC++ but not for C
configure:8447: $? = 0
configure:8460: result: no
configure:8770: checking for mpicc option to produce PIC
configure:8777: result: -fPIC -DPIC
configure:8785: checking if mpicc PIC flag -fPIC -DPIC works
configure:8803: mpicc -c -g -O2 -Wall -Werror-implicit-function-declaration -Wmissing-prototypes -Wmissing-declarations -pipe -std=c99 -D_XOPEN_SOURCE=500 -D_BSD_SOURCE -I/home/s1043482/local_install/Hypre/include -fPIC -DPIC -DPIC conftest.c >&5
configure:8807: $? = 0
configure:8820: result: yes
configure:8849: checking if mpicc static flag -static works
configure:8877: result: no
configure:8892: checking if mpicc supports -c -o file.o
configure:8913: mpicc -c -g -O2 -Wall -Werror-implicit-function-declaration -Wmissing-prototypes -Wmissing-declarations -pipe -std=c99 -D_XOPEN_SOURCE=500 -D_BSD_SOURCE -I/home/s1043482/local_install/Hypre/include -o out/conftest2.o conftest.c >&5
configure:8917: $? = 0
configure:8939: result: yes
configure:8947: checking if mpicc supports -c -o file.o
configure:8994: result: yes
configure:9027: checking whether the mpicc linker (/usr/bin/ld -m elf_x86_64) supports shared libraries
configure:10185: result: yes
configure:10222: checking whether -lc should be explicitly linked in
configure:10230: mpicc -c -g -O2 -Wall -Werror-implicit-function-declaration -Wmissing-prototypes -Wmissing-declarations -pipe -std=c99 -D_XOPEN_SOURCE=500 -D_BSD_SOURCE -I/home/s1043482/local_install/Hypre/include conftest.c >&5
configure:10233: $? = 0
configure:10248: mpicc -shared  -fPIC -DPIC conftest.o  -v -Wl,-soname -Wl,conftest -o conftest 2\>\&1 \| /bin/grep  -lc  \>/dev/null 2\>\&1
configure:10251: $? = 0
configure:10265: result: no
configure:10430: checking dynamic linker characteristics
configure:10944: mpicc -o conftest -g -O2 -Wall -Werror-implicit-function-declaration -Wmissing-prototypes -Wmissing-declarations -pipe -std=c99 -D_XOPEN_SOURCE=500 -D_BSD_SOURCE -I/home/s1043482/local_install/Hypre/include -L/home/s1043482/local_install/Hypre/lib -Wl,-rpath -Wl,/foo conftest.c  >&5
configure:10944: $? = 0
configure:11166: result: GNU/Linux ld.so
configure:11273: checking how to hardcode library paths into programs
configure:11298: result: immediate
configure:11838: checking whether stripping libraries is possible
configure:11843: result: yes
configure:11878: checking if libtool supports shared libraries
configure:11880: result: yes
configure:11883: checking whether to build shared libraries
configure:11904: result: yes
configure:11907: checking whether to build static libraries
configure:11911: result: yes
configure:11947: checking whether mpicc and cc understand -c and -o together
configure:11978: mpicc -c conftest.c -o conftest2.o >&5
configure:11982: $? = 0
configure:11988: mpicc -c conftest.c -o conftest2.o >&5
configure:11992: $? = 0
configure:12003: cc -c conftest.c >&5
configure:12007: $? = 0
configure:12015: cc -c conftest.c -o conftest2.o >&5
configure:12019: $? = 0
configure:12025: cc -c conftest.c -o conftest2.o >&5
configure:12029: $? = 0
configure:12047: result: yes
configure:12099: checking for gawk
configure:12126: result: gawk
configure:12137: checking for library containing strerror
configure:12168: mpicc -o conftest -g -O2 -Wall -Werror-implicit-function-declaration -Wmissing-prototypes -Wmissing-declarations -pipe -std=c99 -D_XOPEN_SOURCE=500 -D_BSD_SOURCE -I/home/s1043482/local_install/Hypre/include -L/home/s1043482/local_install/Hypre/lib conftest.c  >&5
configure:12168: $? = 0
configure:12185: result: none required
configure:12193: checking for ANSI C header files
configure:12297: result: yes
configure:12307: checking whether pointers can be stored in doubles
configure:12322: mpicc -o conftest -g -O2 -Wall -Werror-implicit-function-declaration -Wmissing-prototypes -Wmissing-declarations -pipe -std=c99 -D_XOPEN_SOURCE=500 -D_BSD_SOURCE -I/home/s1043482/local_install/Hypre/include -L/home/s1043482/local_install/Hypre/lib conftest.c  >&5
conftest.c:31: warning: return type defaults to 'int'
configure:12322: $? = 0
configure:12322: ./conftest
configure:12322: $? = 0
configure:12331: result: yes
configure:12387: checking for pkg-config
configure:12405: found /usr/bin/pkg-config
configure:12417: result: /usr/bin/pkg-config
configure:12442: checking pkg-config is at least version 0.9.0
configure:12445: result: yes
configure:12456: checking for GTS
configure:12464: $PKG_CONFIG --exists --print-errors "gts >= 0.7.4"
configure:12467: $? = 0
configure:12482: $PKG_CONFIG --exists --print-errors "gts >= 0.7.4"
configure:12485: $? = 0
configure:12540: result: yes
configure:12561: checking whether modules are supported
configure:12583: mpicc -o conftest -pthread -I/home/s1043482/local_install/include -I/usr/include/glib-2.0 -I/usr/lib64/glib-2.0/include   -I/home/s1043482/local_install/Hypre/include -L/home/s1043482/local_install/Hypre/lib conftest.c -pthread -Wl,--export-dynamic -L/home/s1043482/local_install/lib -lgts -lm -lgthread-2.0 -lrt -lgmodule-2.0 -lglib-2.0   >&5
configure:12583: $? = 0
configure:12583: ./conftest
configure:12583: $? = 0
configure:12592: result: yes
configure:12634: checking for pkg-config
configure:12650: found /usr/bin/pkg-config
configure:12662: result: yes
configure:12690: checking for m4
configure:12706: found /usr/bin/m4
configure:12718: result: yes
configure:12731: checking check whether m4 accepts the -P option
configure:12739: result: yes
configure:12756: checking for pj_fwd in -lproj
configure:12781: mpicc -o conftest -g -O2 -Wall -Werror-implicit-function-declaration -Wmissing-prototypes -Wmissing-declarations -pipe -std=c99 -D_XOPEN_SOURCE=500 -D_BSD_SOURCE -I/home/s1043482/local_install/Hypre/include -L/home/s1043482/local_install/Hypre/lib conftest.c -lproj -lm  >&5
/usr/bin/ld: cannot find -lproj
collect2: ld returned 1 exit status
configure:12781: $? = 1
configure: failed program was:
| /* confdefs.h */
| #define PACKAGE_NAME ""
| #define PACKAGE_TARNAME ""
| #define PACKAGE_VERSION ""
| #define PACKAGE_STRING ""
| #define PACKAGE_BUGREPORT ""
| #define PACKAGE_URL ""
| #define GFS_MAJOR_VERSION 1
| #define GFS_MINOR_VERSION 3
| #define GFS_MICRO_VERSION 2
| #define GFS_INTERFACE_AGE 0
| #define GFS_BINARY_AGE 0
| #define GFS_VERSION "1.3.2"
| #define GFS_COMPILATION_FLAGS ""
| #define HAVE_MPI 1
| #define STDC_HEADERS 1
| #define HAVE_SYS_TYPES_H 1
| #define HAVE_SYS_STAT_H 1
| #define HAVE_STDLIB_H 1
| #define HAVE_STRING_H 1
| #define HAVE_MEMORY_H 1
| #define HAVE_STRINGS_H 1
| #define HAVE_INTTYPES_H 1
| #define HAVE_STDINT_H 1
| #define HAVE_UNISTD_H 1
| #define HAVE_DLFCN_H 1
| #define LT_OBJDIR ".libs/"
| #define STDC_HEADERS 1
| #define HAVE_PKG_CONFIG 1
| #define HAVE_M4 1
| #define M4_OPTIONS "-P"
| /* end confdefs.h.  */
| 
| /* Override any GCC internal prototype to avoid an error.
|    Use char because int might match the return type of a GCC
|    builtin and then its argument prototype would still apply.  */
| #ifdef __cplusplus
| extern "C"
| #endif
| char pj_fwd ();
| int
| main ()
| {
| return pj_fwd ();
|   ;
|   return 0;
| }
configure:12790: result: no
configure:12795: WARNING: libproj not found. Map module will not be available.
configure:12801: checking proj_api.h usability
configure:12801: mpicc -c -g -O2 -Wall -Werror-implicit-function-declaration -Wmissing-prototypes -Wmissing-declarations -pipe -std=c99 -D_XOPEN_SOURCE=500 -D_BSD_SOURCE -I/home/s1043482/local_install/Hypre/include conftest.c >&5
conftest.c:66:22: error: proj_api.h: No such file or directory
configure:12801: $? = 1
configure: failed program was:
| /* confdefs.h */
| #define PACKAGE_NAME ""
| #define PACKAGE_TARNAME ""
| #define PACKAGE_VERSION ""
| #define PACKAGE_STRING ""
| #define PACKAGE_BUGREPORT ""
| #define PACKAGE_URL ""
| #define GFS_MAJOR_VERSION 1
| #define GFS_MINOR_VERSION 3
| #define GFS_MICRO_VERSION 2
| #define GFS_INTERFACE_AGE 0
| #define GFS_BINARY_AGE 0
| #define GFS_VERSION "1.3.2"
| #define GFS_COMPILATION_FLAGS ""
| #define HAVE_MPI 1
| #define STDC_HEADERS 1
| #define HAVE_SYS_TYPES_H 1
| #define HAVE_SYS_STAT_H 1
| #define HAVE_STDLIB_H 1
| #define HAVE_STRING_H 1
| #define HAVE_MEMORY_H 1
| #define HAVE_STRINGS_H 1
| #define HAVE_INTTYPES_H 1
| #define HAVE_STDINT_H 1
| #define HAVE_UNISTD_H 1
| #define HAVE_DLFCN_H 1
| #define LT_OBJDIR ".libs/"
| #define STDC_HEADERS 1
| #define HAVE_PKG_CONFIG 1
| #define HAVE_M4 1
| #define M4_OPTIONS "-P"
| /* end confdefs.h.  */
| #include <stdio.h>
| #ifdef HAVE_SYS_TYPES_H
| # include <sys/types.h>
| #endif
| #ifdef HAVE_SYS_STAT_H
| # include <sys/stat.h>
| #endif
| #ifdef STDC_HEADERS
| # include <stdlib.h>
| # include <stddef.h>
| #else
| # ifdef HAVE_STDLIB_H
| #  include <stdlib.h>
| # endif
| #endif
| #ifdef HAVE_STRING_H
| # if !defined STDC_HEADERS && defined HAVE_MEMORY_H
| #  include <memory.h>
| # endif
| # include <string.h>
| #endif
| #ifdef HAVE_STRINGS_H
| # include <strings.h>
| #endif
| #ifdef HAVE_INTTYPES_H
| # include <inttypes.h>
| #endif
| #ifdef HAVE_STDINT_H
| # include <stdint.h>
| #endif
| #ifdef HAVE_UNISTD_H
| # include <unistd.h>
| #endif
| #include <proj_api.h>
configure:12801: result: no
configure:12801: checking proj_api.h presence
configure:12801: mpicc -E -I/home/s1043482/local_install/Hypre/include conftest.c
conftest.c:33:22: error: proj_api.h: No such file or directory
configure:12801: $? = 1
configure: failed program was:
| /* confdefs.h */
| #define PACKAGE_NAME ""
| #define PACKAGE_TARNAME ""
| #define PACKAGE_VERSION ""
| #define PACKAGE_STRING ""
| #define PACKAGE_BUGREPORT ""
| #define PACKAGE_URL ""
| #define GFS_MAJOR_VERSION 1
| #define GFS_MINOR_VERSION 3
| #define GFS_MICRO_VERSION 2
| #define GFS_INTERFACE_AGE 0
| #define GFS_BINARY_AGE 0
| #define GFS_VERSION "1.3.2"
| #define GFS_COMPILATION_FLAGS ""
| #define HAVE_MPI 1
| #define STDC_HEADERS 1
| #define HAVE_SYS_TYPES_H 1
| #define HAVE_SYS_STAT_H 1
| #define HAVE_STDLIB_H 1
| #define HAVE_STRING_H 1
| #define HAVE_MEMORY_H 1
| #define HAVE_STRINGS_H 1
| #define HAVE_INTTYPES_H 1
| #define HAVE_STDINT_H 1
| #define HAVE_UNISTD_H 1
| #define HAVE_DLFCN_H 1
| #define LT_OBJDIR ".libs/"
| #define STDC_HEADERS 1
| #define HAVE_PKG_CONFIG 1
| #define HAVE_M4 1
| #define M4_OPTIONS "-P"
| /* end confdefs.h.  */
| #include <proj_api.h>
configure:12801: result: no
configure:12801: checking for proj_api.h
configure:12801: result: no
configure:12859: checking for gsl-config
configure:12877: found /home/s1043482/local_install/bin/gsl-config
configure:12890: result: /home/s1043482/local_install/bin/gsl-config
configure:12899: checking for GSL - version >= 0.2.5
configure:12999: mpicc -o conftest -g -O2 -Wall -Werror-implicit-function-declaration -Wmissing-prototypes -Wmissing-declarations -pipe -std=c99 -D_XOPEN_SOURCE=500 -D_BSD_SOURCE -I/home/s1043482/local_install/include -I/home/s1043482/local_install/Hypre/include -L/home/s1043482/local_install/Hypre/lib conftest.c  -L/home/s1043482/local_install/lib -lgsl -lgslcblas -lm >&5
configure:12999: $? = 0
configure:12999: ./conftest
configure:12999: $? = 0
configure:13013: result: yes
configure:13084: checking for nc_open in -lnetcdf
configure:13109: mpicc -o conftest -g -O2 -Wall -Werror-implicit-function-declaration -Wmissing-prototypes -Wmissing-declarations -pipe -std=c99 -D_XOPEN_SOURCE=500 -D_BSD_SOURCE -I/home/s1043482/local_install/Hypre/include -L/home/s1043482/local_install/Hypre/lib conftest.c -lnetcdf -lm  >&5
configure:13109: $? = 0
configure:13118: result: yes
configure:13128: checking netcdf.h usability
configure:13128: mpicc -c -g -O2 -Wall -Werror-implicit-function-declaration -Wmissing-prototypes -Wmissing-declarations -pipe -std=c99 -D_XOPEN_SOURCE=500 -D_BSD_SOURCE -I/home/s1043482/local_install/Hypre/include conftest.c >&5
configure:13128: $? = 0
configure:13128: result: yes
configure:13128: checking netcdf.h presence
configure:13128: mpicc -E -I/home/s1043482/local_install/Hypre/include conftest.c
configure:13128: $? = 0
configure:13128: result: yes
configure:13128: checking for netcdf.h
configure:13128: result: yes
configure:13220: checking for g77
configure:13250: result: no
configure:13220: checking for xlf
configure:13250: result: no
configure:13220: checking for f77
configure:13250: result: no
configure:13220: checking for frt
configure:13250: result: no
configure:13220: checking for pgf77
configure:13250: result: no
configure:13220: checking for cf77
configure:13250: result: no
configure:13220: checking for fort77
configure:13250: result: no
configure:13220: checking for fl32
configure:13250: result: no
configure:13220: checking for af77
configure:13250: result: no
configure:13220: checking for xlf90
configure:13250: result: no
configure:13220: checking for f90
configure:13250: result: no
configure:13220: checking for pgf90
configure:13250: result: no
configure:13220: checking for pghpf
configure:13250: result: no
configure:13220: checking for epcf90
configure:13250: result: no
configure:13220: checking for gfortran
configure:13236: found /usr/bin/gfortran
configure:13247: result: gfortran
configure:13273: checking for Fortran 77 compiler version
configure:13282: gfortran --version >&5
GNU Fortran (GCC) 4.4.7 20120313 (Red Hat 4.4.7-3)
Copyright (C) 2010 Free Software Foundation, Inc.

GNU Fortran comes with NO WARRANTY, to the extent permitted by law.
You may redistribute copies of GNU Fortran
under the terms of the GNU General Public License.
For more information about these matters, see the file named COPYING

configure:13293: $? = 0
configure:13282: gfortran -v >&5
Using built-in specs.
Target: x86_64-redhat-linux
Configured with: ../configure --prefix=/usr --mandir=/usr/share/man --infodir=/usr/share/info --with-bugurl=http://bugzilla.redhat.com/bugzilla --enable-bootstrap --enable-shared --enable-threads=posix --enable-checking=release --with-system-zlib --enable-__cxa_atexit --disable-libunwind-exceptions --enable-gnu-unique-object --enable-languages=c,c++,objc,obj-c++,java,fortran,ada --enable-java-awt=gtk --disable-dssi --with-java-home=/usr/lib/jvm/java-1.5.0-gcj-1.5.0.0/jre --enable-libgcj-multifile --enable-java-maintainer-mode --with-ecj-jar=/usr/share/java/eclipse-ecj.jar --disable-libjava-multilib --with-ppl --with-cloog --with-tune=generic --with-arch_32=i686 --build=x86_64-redhat-linux
Thread model: posix
gcc version 4.4.7 20120313 (Red Hat 4.4.7-3) (GCC) 
configure:13293: $? = 0
configure:13282: gfortran -V >&5
gfortran: '-V' option must have argument
configure:13293: $? = 1
configure:13282: gfortran -qversion >&5
gfortran: unrecognized option '-qversion'
gfortran: no input files
configure:13293: $? = 1
configure:13302: checking whether we are using the GNU Fortran 77 compiler
configure:13315: gfortran -c  conftest.F >&5
configure:13315: $? = 0
configure:13324: result: yes
configure:13330: checking whether gfortran accepts -g
configure:13341: gfortran -c -g conftest.f >&5
configure:13341: $? = 0
configure:13349: result: yes
configure:13486: checking if libtool supports shared libraries
configure:13488: result: yes
configure:13491: checking whether to build shared libraries
configure:13511: result: yes
configure:13514: checking whether to build static libraries
configure:13518: result: yes
configure:13822: checking for gfortran option to produce PIC
configure:13829: result: -fPIC
configure:13837: checking if gfortran PIC flag -fPIC works
configure:13855: gfortran -c -g -O2 -fPIC conftest.f >&5
configure:13859: $? = 0
configure:13872: result: yes
configure:13895: checking if gfortran static flag -static works
configure:13923: result: no
configure:13935: checking if gfortran supports -c -o file.o
configure:13956: gfortran -c -g -O2 -o out/conftest2.o conftest.f >&5
configure:13960: $? = 0
configure:13982: result: yes
configure:13987: checking if gfortran supports -c -o file.o
configure:14034: result: yes
configure:14064: checking whether the gfortran linker (/usr/bin/ld -m elf_x86_64) supports shared libraries
configure:15172: result: yes
configure:15315: checking dynamic linker characteristics
configure:15979: result: GNU/Linux ld.so
configure:16032: checking how to hardcode library paths into programs
configure:16057: result: immediate
configure:16095: checking how to get verbose linking output from gfortran
configure:16105: gfortran -c -g -O2 conftest.f >&5
configure:16105: $? = 0
configure:16123: gfortran -o conftest -g -O2 -v -L/home/s1043482/local_install/Hypre/lib conftest.f
Using built-in specs.
Target: x86_64-redhat-linux
Thread model: posix
gcc version 4.4.7 20120313 (Red Hat 4.4.7-3) (GCC) 
 /usr/libexec/gcc/x86_64-redhat-linux/4.4.7/f951 conftest.f -ffixed-form -quiet -dumpbase conftest.f -mtune=generic -auxbase conftest -g -O2 -version -fintrinsic-modules-path /usr/lib/gcc/x86_64-redhat-linux/4.4.7/finclude -o /tmp/ccBjzrDf.s
GNU Fortran (GCC) version 4.4.7 20120313 (Red Hat 4.4.7-3) (x86_64-redhat-linux)
	compiled by GNU C version 4.4.7 20120313 (Red Hat 4.4.7-3), GMP version 4.3.1, MPFR version 2.4.1.
GGC heuristics: --param ggc-min-expand=100 --param ggc-min-heapsize=131072
 as -V -Qy -o /tmp/ccA9csIH.o /tmp/ccBjzrDf.s
GNU assembler version 2.20.51.0.2 (x86_64-redhat-linux) using BFD version version 2.20.51.0.2-5.36.el6 20100205
 /usr/libexec/gcc/x86_64-redhat-linux/4.4.7/collect2 --eh-frame-hdr --build-id -m elf_x86_64 --hash-style=gnu -dynamic-linker /lib64/ld-linux-x86-64.so.2 -o conftest /usr/lib/gcc/x86_64-redhat-linux/4.4.7/../../../../lib64/crt1.o /usr/lib/gcc/x86_64-redhat-linux/4.4.7/../../../../lib64/crti.o /usr/lib/gcc/x86_64-redhat-linux/4.4.7/crtbegin.o -L/home/s1043482/local_install/Hypre/lib -L/usr/lib/gcc/x86_64-redhat-linux/4.4.7 -L/usr/lib/gcc/x86_64-redhat-linux/4.4.7 -L/usr/lib/gcc/x86_64-redhat-linux/4.4.7/../../../../lib64 -L/lib/../lib64 -L/usr/lib/../lib64 -L/usr/lib/gcc/x86_64-redhat-linux/4.4.7/../../.. /tmp/ccA9csIH.o -lgfortranbegin -lgfortran -lm -lgcc_s -lgcc -lc -lgcc_s -lgcc /usr/lib/gcc/x86_64-redhat-linux/4.4.7/crtend.o /usr/lib/gcc/x86_64-redhat-linux/4.4.7/../../../../lib64/crtn.o
configure:16189: result: -v
configure:16191: checking for Fortran 77 libraries of gfortran
configure:16214: gfortran -o conftest -g -O2 -v -L/home/s1043482/local_install/Hypre/lib conftest.f
Using built-in specs.
Target: x86_64-redhat-linux
Thread model: posix
gcc version 4.4.7 20120313 (Red Hat 4.4.7-3) (GCC) 
 /usr/libexec/gcc/x86_64-redhat-linux/4.4.7/f951 conftest.f -ffixed-form -quiet -dumpbase conftest.f -mtune=generic -auxbase conftest -g -O2 -version -fintrinsic-modules-path /usr/lib/gcc/x86_64-redhat-linux/4.4.7/finclude -o /tmp/ccM4rQsk.s
GNU Fortran (GCC) version 4.4.7 20120313 (Red Hat 4.4.7-3) (x86_64-redhat-linux)
	compiled by GNU C version 4.4.7 20120313 (Red Hat 4.4.7-3), GMP version 4.3.1, MPFR version 2.4.1.
GGC heuristics: --param ggc-min-expand=100 --param ggc-min-heapsize=131072
 as -V -Qy -o /tmp/ccMzeFMM.o /tmp/ccM4rQsk.s
GNU assembler version 2.20.51.0.2 (x86_64-redhat-linux) using BFD version version 2.20.51.0.2-5.36.el6 20100205
 /usr/libexec/gcc/x86_64-redhat-linux/4.4.7/collect2 --eh-frame-hdr --build-id -m elf_x86_64 --hash-style=gnu -dynamic-linker /lib64/ld-linux-x86-64.so.2 -o conftest /usr/lib/gcc/x86_64-redhat-linux/4.4.7/../../../../lib64/crt1.o /usr/lib/gcc/x86_64-redhat-linux/4.4.7/../../../../lib64/crti.o /usr/lib/gcc/x86_64-redhat-linux/4.4.7/crtbegin.o -L/home/s1043482/local_install/Hypre/lib -L/usr/lib/gcc/x86_64-redhat-linux/4.4.7 -L/usr/lib/gcc/x86_64-redhat-linux/4.4.7 -L/usr/lib/gcc/x86_64-redhat-linux/4.4.7/../../../../lib64 -L/lib/../lib64 -L/usr/lib/../lib64 -L/usr/lib/gcc/x86_64-redhat-linux/4.4.7/../../.. /tmp/ccMzeFMM.o -lgfortranbegin -lgfortran -lm -lgcc_s -lgcc -lc -lgcc_s -lgcc /usr/lib/gcc/x86_64-redhat-linux/4.4.7/crtend.o /usr/lib/gcc/x86_64-redhat-linux/4.4.7/../../../../lib64/crtn.o
configure:16389: result:  -L/home/s1043482/local_install/Hypre/lib -L/usr/lib/gcc/x86_64-redhat-linux/4.4.7 -L/usr/lib/gcc/x86_64-redhat-linux/4.4.7/../../../../lib64 -L/lib/../lib64 -L/usr/lib/../lib64 -L/usr/lib/gcc/x86_64-redhat-linux/4.4.7/../../.. -lgfortranbegin -lgfortran -lm
configure:16405: checking for dummy main to link with Fortran 77 libraries
configure:16439: mpicc -o conftest -g -O2 -Wall -Werror-implicit-function-declaration -Wmissing-prototypes -Wmissing-declarations -pipe -std=c99 -D_XOPEN_SOURCE=500 -D_BSD_SOURCE -I/home/s1043482/local_install/Hypre/include -L/home/s1043482/local_install/Hypre/lib conftest.c   -L/home/s1043482/local_install/Hypre/lib -L/usr/lib/gcc/x86_64-redhat-linux/4.4.7 -L/usr/lib/gcc/x86_64-redhat-linux/4.4.7/../../../../lib64 -L/lib/../lib64 -L/usr/lib/../lib64 -L/usr/lib/gcc/x86_64-redhat-linux/4.4.7/../../.. -lgfortranbegin -lgfortran -lm >&5
configure:16439: $? = 0
configure:16484: result: none
configure:16517: checking for Fortran 77 name-mangling scheme
configure:16530: gfortran -c -g -O2 conftest.f >&5
configure:16530: $? = 0
configure:16571: mpicc -o conftest -g -O2 -Wall -Werror-implicit-function-declaration -Wmissing-prototypes -Wmissing-declarations -pipe -std=c99 -D_XOPEN_SOURCE=500 -D_BSD_SOURCE -I/home/s1043482/local_install/Hypre/include -L/home/s1043482/local_install/Hypre/lib conftest.c cfortran_test.o   -L/home/s1043482/local_install/Hypre/lib -L/usr/lib/gcc/x86_64-redhat-linux/4.4.7 -L/usr/lib/gcc/x86_64-redhat-linux/4.4.7/../../../../lib64 -L/lib/../lib64 -L/usr/lib/../lib64 -L/usr/lib/gcc/x86_64-redhat-linux/4.4.7/../../.. -lgfortranbegin -lgfortran -lm >&5
/tmp/ccy4rktB.o: In function `main':
/home/s1043482/Gerris_Source/gerris_Inuse/conftest.c:53: undefined reference to `foobar'
collect2: ld returned 1 exit status
configure:16571: $? = 1
configure: failed program was:
| /* confdefs.h */
| #define PACKAGE_NAME ""
| #define PACKAGE_TARNAME ""
| #define PACKAGE_VERSION ""
| #define PACKAGE_STRING ""
| #define PACKAGE_BUGREPORT ""
| #define PACKAGE_URL ""
| #define GFS_MAJOR_VERSION 1
| #define GFS_MINOR_VERSION 3
| #define GFS_MICRO_VERSION 2
| #define GFS_INTERFACE_AGE 0
| #define GFS_BINARY_AGE 0
| #define GFS_VERSION "1.3.2"
| #define GFS_COMPILATION_FLAGS ""
| #define HAVE_MPI 1
| #define STDC_HEADERS 1
| #define HAVE_SYS_TYPES_H 1
| #define HAVE_SYS_STAT_H 1
| #define HAVE_STDLIB_H 1
| #define HAVE_STRING_H 1
| #define HAVE_MEMORY_H 1
| #define HAVE_STRINGS_H 1
| #define HAVE_INTTYPES_H 1
| #define HAVE_STDINT_H 1
| #define HAVE_UNISTD_H 1
| #define HAVE_DLFCN_H 1
| #define LT_OBJDIR ".libs/"
| #define STDC_HEADERS 1
| #define HAVE_PKG_CONFIG 1
| #define HAVE_M4 1
| #define M4_OPTIONS "-P"
| #define HAVE_NETCDF_H 1
| /* end confdefs.h.  */
| 
| /* Override any GCC internal prototype to avoid an error.
|    Use char because int might match the return type of a GCC
|    builtin and then its argument prototype would still apply.  */
| #ifdef __cplusplus
| extern "C"
| #endif
| char foobar ();
| #ifdef F77_DUMMY_MAIN
| 
| #  ifdef __cplusplus
|      extern "C"
| #  endif
|    int F77_DUMMY_MAIN() { return 1; }
| 
| #endif
| int
| main ()
| {
| return foobar ();
|   ;
|   return 0;
| }
configure:16571: mpicc -o conftest -g -O2 -Wall -Werror-implicit-function-declaration -Wmissing-prototypes -Wmissing-declarations -pipe -std=c99 -D_XOPEN_SOURCE=500 -D_BSD_SOURCE -I/home/s1043482/local_install/Hypre/include -L/home/s1043482/local_install/Hypre/lib conftest.c cfortran_test.o   -L/home/s1043482/local_install/Hypre/lib -L/usr/lib/gcc/x86_64-redhat-linux/4.4.7 -L/usr/lib/gcc/x86_64-redhat-linux/4.4.7/../../../../lib64 -L/lib/../lib64 -L/usr/lib/../lib64 -L/usr/lib/gcc/x86_64-redhat-linux/4.4.7/../../.. -lgfortranbegin -lgfortran -lm >&5
configure:16571: $? = 0
configure:16629: mpicc -o conftest -g -O2 -Wall -Werror-implicit-function-declaration -Wmissing-prototypes -Wmissing-declarations -pipe -std=c99 -D_XOPEN_SOURCE=500 -D_BSD_SOURCE -I/home/s1043482/local_install/Hypre/include -L/home/s1043482/local_install/Hypre/lib conftest.c cfortran_test.o   -L/home/s1043482/local_install/Hypre/lib -L/usr/lib/gcc/x86_64-redhat-linux/4.4.7 -L/usr/lib/gcc/x86_64-redhat-linux/4.4.7/../../../../lib64 -L/lib/../lib64 -L/usr/lib/../lib64 -L/usr/lib/gcc/x86_64-redhat-linux/4.4.7/../../.. -lgfortranbegin -lgfortran -lm >&5
configure:16629: $? = 0
configure:16671: result: lower case, underscore, no extra underscore
configure:19937: checking for ode-config
configure:19953: found /home/s1043482/local_install/bin/ode-config
configure:19965: result: yes
configure:19994: checking for HYPRE_IJMatrixCreate in -lHYPRE
configure:20027: mpicc -o conftest -g -O2 -Wall -Werror-implicit-function-declaration -Wmissing-prototypes -Wmissing-declarations -pipe -std=c99 -D_XOPEN_SOURCE=500 -D_BSD_SOURCE -I/home/s1043482/local_install/Hypre/include -L/home/s1043482/local_install/Hypre/lib conftest.c -lHYPRE -lm  >&5
configure:20027: $? = 0
configure:20036: result: yes
configure:20047: checking HYPRE.h usability
configure:20047: mpicc -c -g -O2 -Wall -Werror-implicit-function-declaration -Wmissing-prototypes -Wmissing-declarations -pipe -std=c99 -D_XOPEN_SOURCE=500 -D_BSD_SOURCE -I/home/s1043482/local_install/Hypre/include conftest.c >&5
configure:20047: $? = 0
configure:20047: result: yes
configure:20047: checking HYPRE.h presence
configure:20047: mpicc -E -I/home/s1043482/local_install/Hypre/include conftest.c
configure:20047: $? = 0
configure:20047: result: yes
configure:20047: checking for HYPRE.h
configure:20047: result: yes
configure:20075: checking for lis_initialize in -llis
configure:20108: mpicc -o conftest -g -O2 -Wall -Werror-implicit-function-declaration -Wmissing-prototypes -Wmissing-declarations -pipe -std=c99 -D_XOPEN_SOURCE=500 -D_BSD_SOURCE -I/home/s1043482/local_install/Hypre/include -L/home/s1043482/local_install/Hypre/lib conftest.c -llis -lgfortran -lm  >&5
/usr/bin/ld: cannot find -llis
collect2: ld returned 1 exit status
configure:20108: $? = 1
configure: failed program was:
| /* confdefs.h */
| #define PACKAGE_NAME ""
| #define PACKAGE_TARNAME ""
| #define PACKAGE_VERSION ""
| #define PACKAGE_STRING ""
| #define PACKAGE_BUGREPORT ""
| #define PACKAGE_URL ""
| #define GFS_MAJOR_VERSION 1
| #define GFS_MINOR_VERSION 3
| #define GFS_MICRO_VERSION 2
| #define GFS_INTERFACE_AGE 0
| #define GFS_BINARY_AGE 0
| #define GFS_VERSION "1.3.2"
| #define GFS_COMPILATION_FLAGS ""
| #define HAVE_MPI 1
| #define STDC_HEADERS 1
| #define HAVE_SYS_TYPES_H 1
| #define HAVE_SYS_STAT_H 1
| #define HAVE_STDLIB_H 1
| #define HAVE_STRING_H 1
| #define HAVE_MEMORY_H 1
| #define HAVE_STRINGS_H 1
| #define HAVE_INTTYPES_H 1
| #define HAVE_STDINT_H 1
| #define HAVE_UNISTD_H 1
| #define HAVE_DLFCN_H 1
| #define LT_OBJDIR ".libs/"
| #define STDC_HEADERS 1
| #define HAVE_PKG_CONFIG 1
| #define HAVE_M4 1
| #define M4_OPTIONS "-P"
| #define HAVE_NETCDF_H 1
| #define F77_FUNC(name,NAME) name ## _
| #define F77_FUNC_(name,NAME) name ## _
| #define HAVE_HYPRE_H 1
| /* end confdefs.h.  */
| 
| /* Override any GCC internal prototype to avoid an error.
|    Use char because int might match the return type of a GCC
|    builtin and then its argument prototype would still apply.  */
| #ifdef __cplusplus
| extern "C"
| #endif
| char lis_initialize ();
| #ifdef F77_DUMMY_MAIN
| 
| #  ifdef __cplusplus
|      extern "C"
| #  endif
|    int F77_DUMMY_MAIN() { return 1; }
| 
| #endif
| int
| main ()
| {
| return lis_initialize ();
|   ;
|   return 0;
| }
configure:20117: result: no
configure:20142: WARNING: lis not found. lis Module won't be available.
configure:20157: checking for FFTW3
configure:20165: $PKG_CONFIG --exists --print-errors " fftw3 >= 3 "
configure:20168: $? = 0
configure:20183: $PKG_CONFIG --exists --print-errors " fftw3 >= 3 "
configure:20186: $? = 0
configure:20222: result: yes
configure:20240: checking fenv.h usability
configure:20240: mpicc -c -g -O2 -Wall -Werror-implicit-function-declaration -Wmissing-prototypes -Wmissing-declarations -pipe -std=c99 -D_XOPEN_SOURCE=500 -D_BSD_SOURCE -I/home/s1043482/local_install/Hypre/include conftest.c >&5
configure:20240: $? = 0
configure:20240: result: yes
configure:20240: checking fenv.h presence
configure:20240: mpicc -E -I/home/s1043482/local_install/Hypre/include conftest.c
configure:20240: $? = 0
configure:20240: result: yes
configure:20240: checking for fenv.h
configure:20240: result: yes
configure:20253: checking for unistd.h
configure:20253: result: yes
configure:20266: checking getopt.h usability
configure:20266: mpicc -c -g -O2 -Wall -Werror-implicit-function-declaration -Wmissing-prototypes -Wmissing-declarations -pipe -std=c99 -D_XOPEN_SOURCE=500 -D_BSD_SOURCE -I/home/s1043482/local_install/Hypre/include conftest.c >&5
configure:20266: $? = 0
configure:20266: result: yes
configure:20266: checking getopt.h presence
configure:20266: mpicc -E -I/home/s1043482/local_install/Hypre/include conftest.c
configure:20266: $? = 0
configure:20266: result: yes
configure:20266: checking for getopt.h
configure:20266: result: yes
configure:20282: checking for getopt_long
configure:20282: mpicc -o conftest -g -O2 -Wall -Werror-implicit-function-declaration -Wmissing-prototypes -Wmissing-declarations -pipe -std=c99 -D_XOPEN_SOURCE=500 -D_BSD_SOURCE -I/home/s1043482/local_install/Hypre/include -L/home/s1043482/local_install/Hypre/lib conftest.c  >&5
configure:20282: $? = 0
configure:20282: result: yes
configure:20282: checking for mkdtemp
configure:20282: mpicc -o conftest -g -O2 -Wall -Werror-implicit-function-declaration -Wmissing-prototypes -Wmissing-declarations -pipe -std=c99 -D_XOPEN_SOURCE=500 -D_BSD_SOURCE -I/home/s1043482/local_install/Hypre/include -L/home/s1043482/local_install/Hypre/lib conftest.c  >&5
configure:20282: $? = 0
configure:20282: result: yes
configure:20494: creating ./config.status

## ---------------------- ##
## Running config.status. ##
## ---------------------- ##

This file was extended by config.status, which was
generated by GNU Autoconf 2.68.  Invocation command line was

  CONFIG_FILES    = 
  CONFIG_HEADERS  = 
  CONFIG_LINKS    = 
  CONFIG_COMMANDS = 
  $ ./config.status 

on pctlc35.see.ed.ac.uk

config.status:1309: creating Makefile
config.status:1309: creating src/Makefile
config.status:1309: creating src/gerris2D.pc
config.status:1309: creating src/gerris3D.pc
config.status:1309: creating tools/Makefile
config.status:1309: creating modules/Makefile
config.status:1309: creating modules/RStarTree/Makefile
config.status:1309: creating modules/kdt/Makefile
config.status:1309: creating modules/fes2004/Makefile
config.status:1309: creating modules/wavewatch/Makefile
config.status:1309: creating modules/culvert/Makefile
config.status:1309: creating test/Makefile
config.status:1309: creating doc/Makefile
config.status:1309: creating doc/tutorial/Makefile
config.status:1309: creating doc/examples/Makefile
config.status:1309: creating doc/manpages/Makefile
config.status:1309: creating doc/examples/gfs2doc
config.status:1309: creating doc/examples/gfs-highlight
config.status:1309: creating doc/examples/crossref.sh
config.status:1309: creating desktop/Makefile
config.status:1309: creating debian/Makefile
config.status:1309: creating config.h
config.status:1538: executing depfiles commands
config.status:1538: executing libtool commands

## ---------------- ##
## Cache variables. ##
## ---------------- ##

ac_cv_build=x86_64-unknown-linux-gnu
ac_cv_c_compiler_gnu=yes
ac_cv_env_CC_set=
ac_cv_env_CC_value=
ac_cv_env_CFLAGS_set=
ac_cv_env_CFLAGS_value=
ac_cv_env_CPPFLAGS_set=set
ac_cv_env_CPPFLAGS_value=-I/home/s1043482/local_install/Hypre/include
ac_cv_env_CPP_set=
ac_cv_env_CPP_value=
ac_cv_env_F77_set=
ac_cv_env_F77_value=
ac_cv_env_FCFLAGS_set=
ac_cv_env_FCFLAGS_value=
ac_cv_env_FC_set=
ac_cv_env_FC_value=
ac_cv_env_FFLAGS_set=
ac_cv_env_FFLAGS_value=
ac_cv_env_FFTW3_CFLAGS_set=
ac_cv_env_FFTW3_CFLAGS_value=
ac_cv_env_FFTW3_LIBS_set=
ac_cv_env_FFTW3_LIBS_value=
ac_cv_env_GTS_CFLAGS_set=
ac_cv_env_GTS_CFLAGS_value=
ac_cv_env_GTS_LIBS_set=
ac_cv_env_GTS_LIBS_value=
ac_cv_env_LDFLAGS_set=set
ac_cv_env_LDFLAGS_value=-L/home/s1043482/local_install/Hypre/lib
ac_cv_env_LIBS_set=
ac_cv_env_LIBS_value=
ac_cv_env_PKG_CONFIG_set=
ac_cv_env_PKG_CONFIG_value=
ac_cv_env_build_alias_set=
ac_cv_env_build_alias_value=
ac_cv_env_host_alias_set=
ac_cv_env_host_alias_value=
ac_cv_env_target_alias_set=
ac_cv_env_target_alias_value=
ac_cv_f77_compiler_gnu=yes
ac_cv_f77_dummy_main=none
ac_cv_f77_libs=' -L/home/s1043482/local_install/Hypre/lib -L/usr/lib/gcc/x86_64-redhat-linux/4.4.7 -L/usr/lib/gcc/x86_64-redhat-linux/4.4.7/../../../../lib64 -L/lib/../lib64 -L/usr/lib/../lib64 -L/usr/lib/gcc/x86_64-redhat-linux/4.4.7/../../.. -lgfortranbegin -lgfortran -lm'
ac_cv_f77_mangling='lower case, underscore, no extra underscore'
ac_cv_fortran_dummy_main=none
ac_cv_func_getopt_long=yes
ac_cv_func_mkdtemp=yes
ac_cv_header_HYPRE_h=yes
ac_cv_header_dlfcn_h=yes
ac_cv_header_fenv_h=yes
ac_cv_header_getopt_h=yes
ac_cv_header_inttypes_h=yes
ac_cv_header_memory_h=yes
ac_cv_header_netcdf_h=yes
ac_cv_header_proj_api_h=no
ac_cv_header_stdc=yes
ac_cv_header_stdint_h=yes
ac_cv_header_stdlib_h=yes
ac_cv_header_string_h=yes
ac_cv_header_strings_h=yes
ac_cv_header_sys_stat_h=yes
ac_cv_header_sys_types_h=yes
ac_cv_header_unistd_h=yes
ac_cv_host=x86_64-unknown-linux-gnu
ac_cv_lib_HYPRE_HYPRE_IJMatrixCreate=yes
ac_cv_lib_lis_lis_initialize=no
ac_cv_lib_netcdf_nc_open=yes
ac_cv_lib_proj_pj_fwd=no
ac_cv_objext=o
ac_cv_path_EGREP='/bin/grep -E'
ac_cv_path_FGREP='/bin/grep -F'
ac_cv_path_GREP=/bin/grep
ac_cv_path_GSL_CONFIG=/home/s1043482/local_install/bin/gsl-config
ac_cv_path_SED=/bin/sed
ac_cv_path_ac_pt_PKG_CONFIG=/usr/bin/pkg-config
ac_cv_path_install='/usr/bin/install -c'
ac_cv_path_mkdir=/bin/mkdir
ac_cv_prog_AWK=gawk
ac_cv_prog_CPP='mpicc -E'
ac_cv_prog_ac_ct_AR=ar
ac_cv_prog_ac_ct_CC=mpicc
ac_cv_prog_ac_ct_DLLTOOL=dlltool
ac_cv_prog_ac_ct_F77=gfortran
ac_cv_prog_ac_ct_OBJDUMP=objdump
ac_cv_prog_ac_ct_RANLIB=ranlib
ac_cv_prog_ac_ct_STRIP=strip
ac_cv_prog_cc_c89=
ac_cv_prog_cc_g=yes
ac_cv_prog_cc_mpicc_c_o=yes
ac_cv_prog_f77_g=yes
ac_cv_prog_f77_v=-v
ac_cv_prog_have_m4=yes
ac_cv_prog_have_pkg_config=yes
ac_cv_prog_make_make_set=yes
ac_cv_prog_ode=yes
ac_cv_prog_use_mpicc=yes
ac_cv_search_strerror='none required'
am_cv_CC_dependencies_compiler_type=gcc3
lt_cv_ar_at_file=@
lt_cv_archive_cmds_need_lc=no
lt_cv_deplibs_check_method=pass_all
lt_cv_file_magic_cmd='$MAGIC_CMD'
lt_cv_file_magic_test_file=
lt_cv_ld_reload_flag=-r
lt_cv_nm_interface='BSD nm'
lt_cv_objdir=.libs
lt_cv_path_LD=/usr/bin/ld
lt_cv_path_NM='/usr/bin/nm -B'
lt_cv_path_mainfest_tool=no
lt_cv_prog_compiler_c_o=yes
lt_cv_prog_compiler_c_o_F77=yes
lt_cv_prog_compiler_pic='-fPIC -DPIC'
lt_cv_prog_compiler_pic_F77=-fPIC
lt_cv_prog_compiler_pic_works=yes
lt_cv_prog_compiler_pic_works_F77=yes
lt_cv_prog_compiler_rtti_exceptions=no
lt_cv_prog_compiler_static_works=no
lt_cv_prog_compiler_static_works_F77=no
lt_cv_prog_gnu_ld=yes
lt_cv_sharedlib_from_linklib_cmd='printf %s\n'
lt_cv_shlibpath_overrides_runpath=no
lt_cv_sys_global_symbol_pipe='sed -n -e '\''s/^.*[	 ]\([ABCDGIRSTW][ABCDGIRSTW]*\)[	 ][	 ]*\([_A-Za-z][_A-Za-z0-9]*\)$/\1 \2 \2/p'\'' | sed '\''/ __gnu_lto/d'\'''
lt_cv_sys_global_symbol_to_c_name_address='sed -n -e '\''s/^: \([^ ]*\)[ ]*$/  {\"\1\", (void *) 0},/p'\'' -e '\''s/^[ABCDGIRSTW]* \([^ ]*\) \([^ ]*\)$/  {"\2", (void *) \&\2},/p'\'''
lt_cv_sys_global_symbol_to_c_name_address_lib_prefix='sed -n -e '\''s/^: \([^ ]*\)[ ]*$/  {\"\1\", (void *) 0},/p'\'' -e '\''s/^[ABCDGIRSTW]* \([^ ]*\) \(lib[^ ]*\)$/  {"\2", (void *) \&\2},/p'\'' -e '\''s/^[ABCDGIRSTW]* \([^ ]*\) \([^ ]*\)$/  {"lib\2", (void *) \&\2},/p'\'''
lt_cv_sys_global_symbol_to_cdecl='sed -n -e '\''s/^T .* \(.*\)$/extern int \1();/p'\'' -e '\''s/^[ABCDGIRSTW]* .* \(.*\)$/extern char \1;/p'\'''
lt_cv_sys_max_cmd_len=1966080
lt_cv_to_host_file_cmd=func_convert_file_noop
lt_cv_to_tool_file_cmd=func_convert_file_noop
pkg_cv_FFTW3_CFLAGS='-I/home/s1043482/local_install/include  '
pkg_cv_FFTW3_LIBS='-L/home/s1043482/local_install/lib -lfftw3 -lm  '
pkg_cv_GTS_CFLAGS='-pthread -I/home/s1043482/local_install/include -I/usr/include/glib-2.0 -I/usr/lib64/glib-2.0/include  '
pkg_cv_GTS_LIBS='-pthread -Wl,--export-dynamic -L/home/s1043482/local_install/lib -lgts -lm -lgthread-2.0 -lrt -lgmodule-2.0 -lglib-2.0  '

## ----------------- ##
## Output variables. ##
## ----------------- ##

ACLOCAL='${SHELL} /home/s1043482/Gerris_Source/gerris_Inuse/missing --run aclocal-1.11'
AMDEPBACKSLASH='\'
AMDEP_FALSE='#'
AMDEP_TRUE=''
AMTAR='${SHELL} /home/s1043482/Gerris_Source/gerris_Inuse/missing --run tar'
AR='ar'
AS='as'
AUTOCONF='${SHELL} /home/s1043482/Gerris_Source/gerris_Inuse/missing --run autoconf'
AUTOHEADER='${SHELL} /home/s1043482/Gerris_Source/gerris_Inuse/missing --run autoheader'
AUTOMAKE='${SHELL} /home/s1043482/Gerris_Source/gerris_Inuse/missing --run automake-1.11'
AWK='gawk'
BUILD_AGMG_FALSE=''
BUILD_AGMG_TRUE='#'
BUILD_HYPRE_FALSE='#'
BUILD_HYPRE_TRUE=''
BUILD_LIS_FALSE=''
BUILD_LIS_TRUE='#'
BUILD_ODE_FALSE='#'
BUILD_ODE_TRUE=''
BUILD_STOKES_FALSE='#'
BUILD_STOKES_TRUE=''
BUILD_TIDE_FALSE='#'
BUILD_TIDE_TRUE=''
BUILD_WAVEWATCH_FALSE=''
BUILD_WAVEWATCH_TRUE='#'
CC='mpicc'
CCDEPMODE='depmode=gcc3'
CFLAGS='-g -O2 -Wall -Werror-implicit-function-declaration -Wmissing-prototypes -Wmissing-declarations -pipe -std=c99 -D_XOPEN_SOURCE=500 -D_BSD_SOURCE'
CPP='mpicc -E'
CPPFLAGS='-I/home/s1043482/local_install/Hypre/include'
CYGPATH_W='echo'
DARCS_CONTROLLED_FALSE=''
DARCS_CONTROLLED_TRUE='#'
DEFS='-DHAVE_CONFIG_H'
DEPDIR='.deps'
DLLTOOL='dlltool'
DSYMUTIL=''
DUMPBIN=''
ECHO_C=''
ECHO_N='-n'
ECHO_T=''
EGREP='/bin/grep -E'
EXEEXT=''
F77='gfortran'
FC=''
FCFLAGS=''
FFLAGS='-g -O2'
FFTW3_CFLAGS='-I/home/s1043482/local_install/include  '
FFTW3_LIBS='-L/home/s1043482/local_install/lib -lfftw3 -lm  '
FGREP='/bin/grep -F'
FLIBS=' -L/home/s1043482/local_install/Hypre/lib -L/usr/lib/gcc/x86_64-redhat-linux/4.4.7 -L/usr/lib/gcc/x86_64-redhat-linux/4.4.7/../../../../lib64 -L/lib/../lib64 -L/usr/lib/../lib64 -L/usr/lib/gcc/x86_64-redhat-linux/4.4.7/../../.. -lgfortranbegin -lgfortran -lm'
GFS2D_LIBS='$(top_builddir)/src/libgfs2D.la -pthread -Wl,--export-dynamic -L/home/s1043482/local_install/lib -lgts -lm -lgthread-2.0 -lrt -lgmodule-2.0 -lglib-2.0  '
GFS3D_LIBS='$(top_builddir)/src/libgfs3D.la -pthread -Wl,--export-dynamic -L/home/s1043482/local_install/lib -lgts -lm -lgthread-2.0 -lrt -lgmodule-2.0 -lglib-2.0  '
GFS_COMPILATION_FLAGS=''
GFS_MAJOR_VERSION='1'
GFS_MICRO_VERSION='2'
GFS_MINOR_VERSION='3'
GFS_VERSION='1.3.2'
GREP='/bin/grep'
GSL_CFLAGS='-I/home/s1043482/local_install/include'
GSL_CONFIG='/home/s1043482/local_install/bin/gsl-config'
GSL_LIBS='-L/home/s1043482/local_install/lib -lgsl -lgslcblas -lm'
GTS_CFLAGS='-pthread -I/home/s1043482/local_install/include -I/usr/include/glib-2.0 -I/usr/lib64/glib-2.0/include  '
GTS_LIBS='-pthread -Wl,--export-dynamic -L/home/s1043482/local_install/lib -lgts -lm -lgthread-2.0 -lrt -lgmodule-2.0 -lglib-2.0  '
HAS_FFTW3_FALSE='#'
HAS_FFTW3_TRUE=''
HAS_GSL_FALSE='#'
HAS_GSL_TRUE=''
HAS_LIBPROJ_FALSE=''
HAS_LIBPROJ_TRUE='#'
HAS_NETCDF_FALSE='#'
HAS_NETCDF_TRUE=''
INSTALL_DATA='${INSTALL} -m 644'
INSTALL_PROGRAM='${INSTALL}'
INSTALL_SCRIPT='${INSTALL}'
INSTALL_STRIP_PROGRAM='$(install_sh) -c -s'
LD='/usr/bin/ld -m elf_x86_64'
LDFLAGS='-L/home/s1043482/local_install/Hypre/lib'
LIBOBJS=''
LIBS=''
LIBTOOL='$(SHELL) $(top_builddir)/libtool --silent'
LIPO=''
LN_S='ln -s'
LTLIBOBJS=''
LT_AGE='0'
LT_CURRENT='2'
LT_RELEASE='1.3'
LT_REVISION='0'
MAINT='#'
MAINTAINER_MODE_FALSE=''
MAINTAINER_MODE_TRUE='#'
MAKEINFO='${SHELL} /home/s1043482/Gerris_Source/gerris_Inuse/missing --run makeinfo'
MANIFEST_TOOL=':'
MKDIR_P='/bin/mkdir -p'
NM='/usr/bin/nm -B'
NMEDIT=''
NO_UNDEFINED='-no-undefined'
OBJDUMP='objdump'
OBJEXT='o'
ODE_CFLAGS='-I/home/s1043482/local_install/include -DdDOUBLE'
ODE_LIBS='-L/home/s1043482/local_install/lib -lode -lstdc++'
OTOOL64=''
OTOOL=''
PACKAGE='gerris'
PACKAGE_BUGREPORT=''
PACKAGE_NAME=''
PACKAGE_STRING=''
PACKAGE_TARNAME=''
PACKAGE_URL=''
PACKAGE_VERSION=''
PATH_SEPARATOR=':'
PKG_CONFIG='/usr/bin/pkg-config'
RANLIB='ranlib'
SED='/bin/sed'
SET_MAKE=''
SHELL='/bin/sh'
STRIP='strip'
VERSION='1.3.2'
W3INIT=''
WEBROOT='/var/www/site-gerris/gerris'
ac_ct_AR='ar'
ac_ct_CC='mpicc'
ac_ct_DUMPBIN=''
ac_ct_F77='gfortran'
ac_ct_FC=''
am__EXEEXT_FALSE=''
am__EXEEXT_TRUE='#'
am__fastdepCC_FALSE='#'
am__fastdepCC_TRUE=''
am__include='include'
am__isrc=''
am__leading_dot='.'
am__quote=''
am__tar='${AMTAR} chof - "$$tardir"'
am__untar='${AMTAR} xf -'
bindir='${exec_prefix}/bin'
build='x86_64-unknown-linux-gnu'
build_alias=''
build_cpu='x86_64'
build_os='linux-gnu'
build_vendor='unknown'
datadir='${datarootdir}'
datarootdir='${prefix}/share'
docdir='${datarootdir}/doc/${PACKAGE}'
dvidir='${docdir}'
exec_prefix='${prefix}'
have_m4='yes'
have_pkg_config='yes'
host='x86_64-unknown-linux-gnu'
host_alias=''
host_cpu='x86_64'
host_os='linux-gnu'
host_vendor='unknown'
htmldir='${docdir}'
includedir='${prefix}/include'
infodir='${datarootdir}/info'
install_sh='${SHELL} /home/s1043482/Gerris_Source/gerris_Inuse/install-sh'
libdir='${exec_prefix}/lib'
libexecdir='${exec_prefix}/libexec'
localedir='${datarootdir}/locale'
localstatedir='${prefix}/var'
mandir='${datarootdir}/man'
mkdir_p='/bin/mkdir -p'
ode='yes'
oldincludedir='/usr/include'
pdfdir='${docdir}'
prefix='/home/s1043482/local_install'
program_transform_name='s,x,x,'
psdir='${docdir}'
sbindir='${exec_prefix}/sbin'
sharedstatedir='${prefix}/com'
sysconfdir='${prefix}/etc'
target_alias=''
use_mpicc='yes'

## ----------- ##
## confdefs.h. ##
## ----------- ##

/* confdefs.h */
#define PACKAGE_NAME ""
#define PACKAGE_TARNAME ""
#define PACKAGE_VERSION ""
#define PACKAGE_STRING ""
#define PACKAGE_BUGREPORT ""
#define PACKAGE_URL ""
#define GFS_MAJOR_VERSION 1
#define GFS_MINOR_VERSION 3
#define GFS_MICRO_VERSION 2
#define GFS_INTERFACE_AGE 0
#define GFS_BINARY_AGE 0
#define GFS_VERSION "1.3.2"
#define GFS_COMPILATION_FLAGS ""
#define HAVE_MPI 1
#define STDC_HEADERS 1
#define HAVE_SYS_TYPES_H 1
#define HAVE_SYS_STAT_H 1
#define HAVE_STDLIB_H 1
#define HAVE_STRING_H 1
#define HAVE_MEMORY_H 1
#define HAVE_STRINGS_H 1
#define HAVE_INTTYPES_H 1
#define HAVE_STDINT_H 1
#define HAVE_UNISTD_H 1
#define HAVE_DLFCN_H 1
#define LT_OBJDIR ".libs/"
#define STDC_HEADERS 1
#define HAVE_PKG_CONFIG 1
#define HAVE_M4 1
#define M4_OPTIONS "-P"
#define HAVE_NETCDF_H 1
#define F77_FUNC(name,NAME) name ## _
#define F77_FUNC_(name,NAME) name ## _
#define HAVE_HYPRE_H 1
#define HAVE_FENV_H 1
#define HAVE_FENV_H 1
#define HAVE_UNISTD_H 1
#define HAVE_UNISTD_H 1
#define HAVE_GETOPT_H 1
#define HAVE_GETOPT_H 1
#define HAVE_GETOPT_LONG 1
#define HAVE_MKDTEMP 1

configure: exit 0

## ---------------------- ##
## Running config.status. ##
## ---------------------- ##

This file was extended by config.status, which was
generated by GNU Autoconf 2.68.  Invocation command line was

  CONFIG_FILES    = 
  CONFIG_HEADERS  = 
  CONFIG_LINKS    = 
  CONFIG_COMMANDS = 
  $ ./config.status src/gerris2D.pc

on vlx03.see.ed.ac.uk

config.status:1309: creating src/gerris2D.pc

## ---------------------- ##
## Running config.status. ##
## ---------------------- ##

This file was extended by config.status, which was
generated by GNU Autoconf 2.68.  Invocation command line was

  CONFIG_FILES    = 
  CONFIG_HEADERS  = 
  CONFIG_LINKS    = 
  CONFIG_COMMANDS = 
  $ ./config.status src/gerris3D.pc

on vlx03.see.ed.ac.uk

config.status:1309: creating src/gerris3D.pc

## ---------------------- ##
## Running config.status. ##
## ---------------------- ##

This file was extended by config.status, which was
generated by GNU Autoconf 2.68.  Invocation command line was

  CONFIG_FILES    = 
  CONFIG_HEADERS  = 
  CONFIG_LINKS    = 
  CONFIG_COMMANDS = 
  $ ./config.status doc/examples/gfs2doc

on vlx03.see.ed.ac.uk

config.status:1309: creating doc/examples/gfs2doc

## ---------------------- ##
## Running config.status. ##
## ---------------------- ##

This file was extended by config.status, which was
generated by GNU Autoconf 2.68.  Invocation command line was

  CONFIG_FILES    = 
  CONFIG_HEADERS  = 
  CONFIG_LINKS    = 
  CONFIG_COMMANDS = 
  $ ./config.status src/gerris2D.pc

on vlx03.see.ed.ac.uk

config.status:1309: creating src/gerris2D.pc

## ---------------------- ##
## Running config.status. ##
## ---------------------- ##

This file was extended by config.status, which was
generated by GNU Autoconf 2.68.  Invocation command line was

  CONFIG_FILES    = 
  CONFIG_HEADERS  = 
  CONFIG_LINKS    = 
  CONFIG_COMMANDS = 
  $ ./config.status src/gerris3D.pc

on vlx03.see.ed.ac.uk

config.status:1309: creating src/gerris3D.pc

## ---------------------- ##
## Running config.status. ##
## ---------------------- ##

This file was extended by config.status, which was
generated by GNU Autoconf 2.68.  Invocation command line was

  CONFIG_FILES    = 
  CONFIG_HEADERS  = 
  CONFIG_LINKS    = 
  CONFIG_COMMANDS = 
  $ ./config.status doc/examples/gfs2doc

on vlx03.see.ed.ac.uk

config.status:1309: creating doc/examples/gfs2doc
